"../../../Engine/Content/EngineResources/GradientTexture0.uasset" 0
"../../../Engine/Content/EngineResources/GradientTexture0.uexp" 1
"../../../Engine/Content/EngineResources/Black.uasset" 2
"../../../Engine/Content/EngineResources/Black.uexp" 3
"../../../Engine/Content/EditorResources/S_Actor.ubulk" 4
"../../../Engine/Content/EditorResources/S_Actor.uasset" 5
"../../../Engine/Content/EditorResources/S_Actor.uexp" 6
"../../../Engine/Plugins/2D/Paper2D/Content/PlaceholderTextures/DummySpriteTexture.ubulk" 7
"../../../Engine/Plugins/2D/Paper2D/Content/PlaceholderTextures/DummySpriteTexture.uasset" 8
"../../../Engine/Plugins/2D/Paper2D/Content/PlaceholderTextures/DummySpriteTexture.uexp" 9
"../../../Engine/Plugins/2D/Paper2D/Content/DummySprite.uasset" 10
"../../../Engine/Plugins/2D/Paper2D/Content/DummySprite.uexp" 11
"../../../Engine/Plugins/2D/Paper2D/Content/DefaultPaperTerrainMaterial.uasset" 12
"../../../Engine/Plugins/2D/Paper2D/Content/DefaultPaperTerrainMaterial.uexp" 13
"../../../Engine/Plugins/NNE/NNEDenoiser/Content/NNEDTOM_Output_Default.uasset" 14
"../../../Engine/Plugins/NNE/NNEDenoiser/Content/NNEDTOM_Output_Default.uexp" 15
"../../../Engine/Plugins/NNE/NNEDenoiser/Content/NNEDTOM_Output_Alpha.uasset" 16
"../../../Engine/Plugins/NNE/NNEDenoiser/Content/NNEDTOM_Output_Alpha.uexp" 17
"../../../Engine/Plugins/NNE/NNEDenoiser/Content/NNEDTIM_ColorAlbedoNormal_Default.uasset" 18
"../../../Engine/Plugins/NNE/NNEDenoiser/Content/NNEDTIM_ColorAlbedoNormal_Default.uexp" 19
"../../../Engine/Plugins/NNE/NNEDenoiser/Content/NNEDTIM_ColorAlbedoNormal_Alpha.uasset" 20
"../../../Engine/Plugins/NNE/NNEDenoiser/Content/NNEDTIM_ColorAlbedoNormal_Alpha.uexp" 21
"../../../Engine/Plugins/NNE/NNEDenoiser/Content/NNEDOM_Output_Default.uasset" 22
"../../../Engine/Plugins/NNE/NNEDenoiser/Content/NNEDOM_Output_Default.uexp" 23
"../../../Engine/Plugins/NNE/NNEDenoiser/Content/NNEDOM_Output_Alpha.uasset" 24
"../../../Engine/Plugins/NNE/NNEDenoiser/Content/NNEDOM_Output_Alpha.uexp" 25
"../../../Engine/Plugins/NNE/NNEDenoiser/Content/NNEDIM_HighQuality_Default.uasset" 26
"../../../Engine/Plugins/NNE/NNEDenoiser/Content/NNEDIM_HighQuality_Default.uexp" 27
"../../../Engine/Plugins/NNE/NNEDenoiser/Content/NNEDIM_HighQuality_Alpha.uasset" 28
"../../../Engine/Plugins/NNE/NNEDenoiser/Content/NNEDIM_HighQuality_Alpha.uexp" 29
"../../../Engine/Plugins/NNE/NNEDenoiser/Content/NNEDIM_ColorAlbedoNormal_Default.uasset" 30
"../../../Engine/Plugins/NNE/NNEDenoiser/Content/NNEDIM_ColorAlbedoNormal_Default.uexp" 31
"../../../Engine/Plugins/NNE/NNEDenoiser/Content/NNEDIM_ColorAlbedoNormal_Alpha.uasset" 32
"../../../Engine/Plugins/NNE/NNEDenoiser/Content/NNEDIM_ColorAlbedoNormal_Alpha.uexp" 33
"../../../Engine/Content/Functions/Engine_MaterialFunctions01/Opacity/CameraDepthFade.uasset" 34
"../../../Engine/Content/Functions/Engine_MaterialFunctions01/Opacity/CameraDepthFade.uexp" 35
"../../../Engine/Content/EngineMaterials/T_Default_Material_Grid_M.ubulk" 36
"../../../Engine/Content/EngineMaterials/T_Default_Material_Grid_M.uasset" 37
"../../../Engine/Content/EngineMaterials/T_Default_Material_Grid_M.uexp" 38
"../../../Engine/Content/EngineMaterials/T_Default_Material_Grid_N.ubulk" 39
"../../../Engine/Content/EngineMaterials/T_Default_Material_Grid_N.uasset" 40
"../../../Engine/Content/EngineMaterials/T_Default_Material_Grid_N.uexp" 41
"../../../Engine/Content/EngineMaterials/WorldGridMaterial.uasset" 42
"../../../Engine/Content/EngineMaterials/WorldGridMaterial.uexp" 43
"../../../Engine/Plugins/Media/MediaPlate/Content/SM_MediaPlateScreen.ubulk" 44
"../../../Engine/Plugins/Media/MediaPlate/Content/SM_MediaPlateScreen.uasset" 45
"../../../Engine/Plugins/Media/MediaPlate/Content/SM_MediaPlateScreen.uexp" 46
"../../../Engine/Content/Functions/Engine_MaterialFunctions02/WorldPositionOffset/CameraOffset.uasset" 47
"../../../Engine/Content/Functions/Engine_MaterialFunctions02/WorldPositionOffset/CameraOffset.uexp" 48
"../../../Engine/Plugins/Animation/ControlRig/Content/M_Manip.uasset" 49
"../../../Engine/Plugins/Animation/ControlRig/Content/M_Manip.uexp" 50
"../../../Engine/Plugins/Animation/ACLPlugin/Content/ACLAnimCurveCompressionSettings.uasset" 51
"../../../Engine/Plugins/Animation/ACLPlugin/Content/ACLAnimCurveCompressionSettings.uexp" 52
"../../../Engine/Plugins/Animation/ACLPlugin/Content/ACLAnimBoneCompressionSettings.uasset" 53
"../../../Engine/Plugins/Animation/ACLPlugin/Content/ACLAnimBoneCompressionSettings.uexp" 54
"../../../Engine/Content/Animation/DefaultVariableFrameStrippingSettings.uasset" 55
"../../../Engine/Content/Animation/DefaultVariableFrameStrippingSettings.uexp" 56
"../../../Engine/Content/Animation/DefaultRecorderBoneCompression.uasset" 57
"../../../Engine/Content/Animation/DefaultRecorderBoneCompression.uexp" 58
"../../../Engine/Content/EditorResources/S_Trigger.ubulk" 59
"../../../Engine/Content/EditorResources/S_Trigger.uasset" 60
"../../../Engine/Content/EditorResources/S_Trigger.uexp" 61
"../../../Engine/Plugins/VirtualProduction/CameraCalibrationCore/Content/Materials/M_DefaultOddSquare.uasset" 62
"../../../Engine/Plugins/VirtualProduction/CameraCalibrationCore/Content/Materials/M_DefaultOddSquare.uexp" 63
"../../../Engine/Plugins/VirtualProduction/CameraCalibrationCore/Content/Materials/M_DefaultEvenSquare.uasset" 64
"../../../Engine/Plugins/VirtualProduction/CameraCalibrationCore/Content/Materials/M_DefaultEvenSquare.uexp" 65
"../../../Engine/Plugins/Runtime/HairStrands/Content/Materials/HairMeshesDefaultMaterial.uasset" 66
"../../../Engine/Plugins/Runtime/HairStrands/Content/Materials/HairMeshesDefaultMaterial.uexp" 67
"../../../Engine/Plugins/Runtime/HairStrands/Content/Materials/HairDefaultMaterial.uasset" 68
"../../../Engine/Plugins/Runtime/HairStrands/Content/Materials/HairDefaultMaterial.uexp" 69
"../../../Engine/Content/Functions/Engine_MaterialFunctions02/Utility/MakeFloat2.uasset" 70
"../../../Engine/Content/Functions/Engine_MaterialFunctions02/Utility/MakeFloat2.uexp" 71
"../../../Engine/Plugins/Runtime/HairStrands/Content/Materials/HairGroupColors.uasset" 72
"../../../Engine/Plugins/Runtime/HairStrands/Content/Materials/HairGroupColors.uexp" 73
"../../../Engine/Content/EngineMaterials/HairColorMap.uasset" 74
"../../../Engine/Content/EngineMaterials/HairColorMap.uexp" 75
"../../../Engine/Content/EngineMaterials/HairDebugColor.uasset" 76
"../../../Engine/Content/EngineMaterials/HairDebugColor.uexp" 77
"../../../Engine/Content/Functions/Engine_MaterialFunctions02/Utility/MakeFloat3.uasset" 78
"../../../Engine/Content/Functions/Engine_MaterialFunctions02/Utility/MakeFloat3.uexp" 79
"../../../Engine/Plugins/Runtime/HairStrands/Content/Materials/HairDebugMaterial.uasset" 80
"../../../Engine/Plugins/Runtime/HairStrands/Content/Materials/HairDebugMaterial.uexp" 81
"../../../Engine/Plugins/Runtime/HairStrands/Content/Materials/HairCardsDefaultMaterial.uasset" 82
"../../../Engine/Plugins/Runtime/HairStrands/Content/Materials/HairCardsDefaultMaterial.uexp" 83
"../../../Engine/Plugins/Runtime/AudioWidgets/Content/Resources/ScrubHandleDown_Clamped.uasset" 84
"../../../Engine/Plugins/Runtime/AudioWidgets/Content/Resources/ScrubHandleDown_Clamped.uexp" 85
"../../../Engine/Plugins/Interchange/Assets/Content/Functions/MF_PhongToMetalRoughness.uasset" 86
"../../../Engine/Plugins/Interchange/Assets/Content/Functions/MF_PhongToMetalRoughness.uexp" 87
"../../../Engine/Content/EngineResources/DefaultTexture.ubulk" 88
"../../../Engine/Content/EngineResources/DefaultTexture.uasset" 89
"../../../Engine/Content/EngineResources/DefaultTexture.uexp" 90
"C:/Users/haron/OneDrive/Documents/GitHub/COMP3752-1/Content/Interior_Design/Door_and_Floor_panel_Texture.ubulk" 91
"C:/Users/haron/OneDrive/Documents/GitHub/COMP3752-1/Content/Interior_Design/Door_and_Floor_panel_Texture.uasset" 92
"C:/Users/haron/OneDrive/Documents/GitHub/COMP3752-1/Content/Interior_Design/Door_and_Floor_panel_Texture.uexp" 93
"C:/Users/haron/OneDrive/Documents/GitHub/COMP3752-1/Content/Interior_Design/FloorPanel+Door.uasset" 94
"C:/Users/haron/OneDrive/Documents/GitHub/COMP3752-1/Content/Interior_Design/FloorPanel+Door.uexp" 95
"C:/Users/haron/OneDrive/Documents/GitHub/COMP3752-1/Content/Interior_Design/Floor_panel.ubulk" 96
"C:/Users/haron/OneDrive/Documents/GitHub/COMP3752-1/Content/Interior_Design/Floor_panel.uasset" 97
"C:/Users/haron/OneDrive/Documents/GitHub/COMP3752-1/Content/Interior_Design/Floor_panel.uexp" 98
"C:/Users/haron/OneDrive/Documents/GitHub/COMP3752-1/Content/Interior_Design/FloorPanelwhenmoving.uasset" 99
"C:/Users/haron/OneDrive/Documents/GitHub/COMP3752-1/Content/Interior_Design/FloorPanelwhenmoving.uexp" 100
"C:/Users/haron/OneDrive/Documents/GitHub/COMP3752-1/Content/Interior_Design/FloorPanelwhenattacking.uasset" 101
"C:/Users/haron/OneDrive/Documents/GitHub/COMP3752-1/Content/Interior_Design/FloorPanelwhenattacking.uexp" 102
"C:/Users/haron/OneDrive/Documents/GitHub/COMP3752-1/Content/Characters/BPI_Character.uasset" 103
"C:/Users/haron/OneDrive/Documents/GitHub/COMP3752-1/Content/Characters/BPI_Character.uexp" 104
"C:/Users/haron/OneDrive/Documents/GitHub/COMP3752-1/Content/Grid/S_Tile.uasset" 105
"C:/Users/haron/OneDrive/Documents/GitHub/COMP3752-1/Content/Grid/S_Tile.uexp" 106
"C:/Users/haron/OneDrive/Documents/GitHub/COMP3752-1/Content/Characters/E_CombatState.uasset" 107
"C:/Users/haron/OneDrive/Documents/GitHub/COMP3752-1/Content/Characters/E_CombatState.uexp" 108
"../../../Engine/Content/BasicShapes/Plane.ubulk" 109
"../../../Engine/Content/BasicShapes/Plane.uasset" 110
"../../../Engine/Content/BasicShapes/Plane.uexp" 111
"C:/Users/haron/OneDrive/Documents/GitHub/COMP3752-1/Content/Interior_Design/Cube_007.ubulk" 112
"C:/Users/haron/OneDrive/Documents/GitHub/COMP3752-1/Content/Interior_Design/Cube_007.uasset" 113
"C:/Users/haron/OneDrive/Documents/GitHub/COMP3752-1/Content/Interior_Design/Cube_007.uexp" 114
"C:/Users/haron/OneDrive/Documents/GitHub/COMP3752-1/Content/Characters/Healthbarvault.uasset" 115
"C:/Users/haron/OneDrive/Documents/GitHub/COMP3752-1/Content/Characters/Healthbarvault.uexp" 116
"C:/Users/haron/OneDrive/Documents/GitHub/COMP3752-1/Content/Characters/Materials/M_AllyPostTurn.uasset" 117
"C:/Users/haron/OneDrive/Documents/GitHub/COMP3752-1/Content/Characters/Materials/M_AllyPostTurn.uexp" 118
"C:/Users/haron/OneDrive/Documents/GitHub/COMP3752-1/Content/Characters/BP_Vault_Character.uasset" 119
"C:/Users/haron/OneDrive/Documents/GitHub/COMP3752-1/Content/Characters/BP_Vault_Character.uexp" 120
"C:/Users/haron/OneDrive/Documents/GitHub/COMP3752-1/Content/Characters/Attacks/S_Attack.uasset" 121
"C:/Users/haron/OneDrive/Documents/GitHub/COMP3752-1/Content/Characters/Attacks/S_Attack.uexp" 122
"C:/Users/haron/OneDrive/Documents/GitHub/COMP3752-1/Content/Characters/Attacks/DT_Test_Ally_Attacks.uasset" 123
"C:/Users/haron/OneDrive/Documents/GitHub/COMP3752-1/Content/Characters/Attacks/DT_Test_Ally_Attacks.uexp" 124
"C:/Users/haron/OneDrive/Documents/GitHub/COMP3752-1/Content/Characters/Attacklist.uasset" 125
"C:/Users/haron/OneDrive/Documents/GitHub/COMP3752-1/Content/Characters/Attacklist.uexp" 126
"C:/Users/haron/OneDrive/Documents/GitHub/COMP3752-1/Content/Characters/Allies/BPI_Ally.uasset" 127
"C:/Users/haron/OneDrive/Documents/GitHub/COMP3752-1/Content/Characters/Allies/BPI_Ally.uexp" 128
"C:/Users/haron/OneDrive/Documents/GitHub/COMP3752-1/Content/Characters/Enemies/BPI_Enemy.uasset" 129
"C:/Users/haron/OneDrive/Documents/GitHub/COMP3752-1/Content/Characters/Enemies/BPI_Enemy.uexp" 130
"C:/Users/haron/OneDrive/Documents/GitHub/COMP3752-1/Content/Maps/Waves/S_Wave.uasset" 131
"C:/Users/haron/OneDrive/Documents/GitHub/COMP3752-1/Content/Maps/Waves/S_Wave.uexp" 132
"C:/Users/haron/OneDrive/Documents/GitHub/COMP3752-1/Content/Grid/BP_Grid.uasset" 133
"C:/Users/haron/OneDrive/Documents/GitHub/COMP3752-1/Content/Grid/BP_Grid.uexp" 134
"C:/Users/haron/OneDrive/Documents/GitHub/COMP3752-1/Content/TopDown/Input/Actions/IA_B.uasset" 135
"C:/Users/haron/OneDrive/Documents/GitHub/COMP3752-1/Content/TopDown/Input/Actions/IA_B.uexp" 136
"C:/Users/haron/OneDrive/Documents/GitHub/COMP3752-1/Content/TopDown/Input/Actions/IA_Enable_Rotation.uasset" 137
"C:/Users/haron/OneDrive/Documents/GitHub/COMP3752-1/Content/TopDown/Input/Actions/IA_Enable_Rotation.uexp" 138
"C:/Users/haron/OneDrive/Documents/GitHub/COMP3752-1/Content/TopDown/Input/Actions/IA_Interact_With_Tile.uasset" 139
"C:/Users/haron/OneDrive/Documents/GitHub/COMP3752-1/Content/TopDown/Input/Actions/IA_Interact_With_Tile.uexp" 140
"C:/Users/haron/OneDrive/Documents/GitHub/COMP3752-1/Content/TopDown/Input/Actions/IA_MoveAction.uasset" 141
"C:/Users/haron/OneDrive/Documents/GitHub/COMP3752-1/Content/TopDown/Input/Actions/IA_MoveAction.uexp" 142
"C:/Users/haron/OneDrive/Documents/GitHub/COMP3752-1/Content/TopDown/Input/Actions/IA_Next_Turn.uasset" 143
"C:/Users/haron/OneDrive/Documents/GitHub/COMP3752-1/Content/TopDown/Input/Actions/IA_Next_Turn.uexp" 144
"C:/Users/haron/OneDrive/Documents/GitHub/COMP3752-1/Content/TopDown/Input/Actions/IA_Pause.uasset" 145
"C:/Users/haron/OneDrive/Documents/GitHub/COMP3752-1/Content/TopDown/Input/Actions/IA_Pause.uexp" 146
"C:/Users/haron/OneDrive/Documents/GitHub/COMP3752-1/Content/TopDown/Input/Actions/IA_Rotation.uasset" 147
"C:/Users/haron/OneDrive/Documents/GitHub/COMP3752-1/Content/TopDown/Input/Actions/IA_Rotation.uexp" 148
"C:/Users/haron/OneDrive/Documents/GitHub/COMP3752-1/Content/TopDown/Input/Actions/IA_Zoom.uasset" 149
"C:/Users/haron/OneDrive/Documents/GitHub/COMP3752-1/Content/TopDown/Input/Actions/IA_Zoom.uexp" 150
"C:/Users/haron/OneDrive/Documents/GitHub/COMP3752-1/Content/TopDown/Input/IMC_Default.uasset" 151
"C:/Users/haron/OneDrive/Documents/GitHub/COMP3752-1/Content/TopDown/Input/IMC_Default.uexp" 152
"C:/Users/haron/OneDrive/Documents/GitHub/COMP3752-1/Content/TopDown/Blueprints/WBP_Turn_Interface.uasset" 153
"C:/Users/haron/OneDrive/Documents/GitHub/COMP3752-1/Content/TopDown/Blueprints/WBP_Turn_Interface.uexp" 154
"C:/Users/haron/OneDrive/Documents/GitHub/COMP3752-1/Content/TopDown/Blueprints/WBP_Announcement.uasset" 155
"C:/Users/haron/OneDrive/Documents/GitHub/COMP3752-1/Content/TopDown/Blueprints/WBP_Announcement.uexp" 156
"C:/Users/haron/OneDrive/Documents/GitHub/COMP3752-1/Content/LevelPrototyping/Pause_Menu/Pausemenu.uasset" 157
"C:/Users/haron/OneDrive/Documents/GitHub/COMP3752-1/Content/LevelPrototyping/Pause_Menu/Pausemenu.uexp" 158
"C:/Users/haron/OneDrive/Documents/GitHub/COMP3752-1/Content/TopDown/Blueprints/BP_TopDownController.uasset" 159
"C:/Users/haron/OneDrive/Documents/GitHub/COMP3752-1/Content/TopDown/Blueprints/BP_TopDownController.uexp" 160
"C:/Users/haron/OneDrive/Documents/GitHub/COMP3752-1/Content/LevelPrototyping/cameraSystem/BP_cameraSystem.uasset" 161
"C:/Users/haron/OneDrive/Documents/GitHub/COMP3752-1/Content/LevelPrototyping/cameraSystem/BP_cameraSystem.uexp" 162
"C:/Users/haron/OneDrive/Documents/GitHub/COMP3752-1/Content/TopDown/Blueprints/BP_TopDownGameMode.uasset" 163
"C:/Users/haron/OneDrive/Documents/GitHub/COMP3752-1/Content/TopDown/Blueprints/BP_TopDownGameMode.uexp" 164
"../../../Engine/Plugins/Interchange/Runtime/Content/Pipelines/DefaultTexturePipeline.uasset" 165
"../../../Engine/Plugins/Interchange/Runtime/Content/Pipelines/DefaultTexturePipeline.uexp" 166
"../../../Engine/Plugins/Interchange/Runtime/Content/Pipelines/DefaultSceneLevelPipeline.uasset" 167
"../../../Engine/Plugins/Interchange/Runtime/Content/Pipelines/DefaultSceneLevelPipeline.uexp" 168
"../../../Engine/Plugins/Interchange/Runtime/Content/Pipelines/DefaultMaterialXPipeline.uasset" 169
"../../../Engine/Plugins/Interchange/Runtime/Content/Pipelines/DefaultMaterialXPipeline.uexp" 170
"../../../Engine/Plugins/Interchange/Runtime/Content/Pipelines/DefaultMaterialPipeline.uasset" 171
"../../../Engine/Plugins/Interchange/Runtime/Content/Pipelines/DefaultMaterialPipeline.uexp" 172
"../../../Engine/Plugins/Interchange/Runtime/Content/Pipelines/DefaultGLTFPipeline.uasset" 173
"../../../Engine/Plugins/Interchange/Runtime/Content/Pipelines/DefaultGLTFPipeline.uexp" 174
"../../../Engine/Plugins/Interchange/Assets/Content/Functions/MX_UsdPreviewSurface.uasset" 175
"../../../Engine/Plugins/Interchange/Assets/Content/Functions/MX_UsdPreviewSurface.uexp" 176
"../../../Engine/Plugins/Interchange/Assets/Content/Functions/MX_UniformEDF.uasset" 177
"../../../Engine/Plugins/Interchange/Assets/Content/Functions/MX_UniformEDF.uexp" 178
"../../../Engine/Plugins/Interchange/Assets/Content/Functions/MX_TranslucentBSDF.uasset" 179
"../../../Engine/Plugins/Interchange/Assets/Content/Functions/MX_TranslucentBSDF.uexp" 180
"../../../Engine/Plugins/Interchange/Assets/Content/Functions/MX_ThinFilmBSDF.uasset" 181
"../../../Engine/Plugins/Interchange/Assets/Content/Functions/MX_ThinFilmBSDF.uexp" 182
"../../../Engine/Plugins/Interchange/Assets/Content/Functions/MX_SurfaceUnlit.uasset" 183
"../../../Engine/Plugins/Interchange/Assets/Content/Functions/MX_SurfaceUnlit.uexp" 184
"../../../Engine/Plugins/Interchange/Assets/Content/Functions/MX_Surface.uasset" 185
"../../../Engine/Plugins/Interchange/Assets/Content/Functions/MX_Surface.uexp" 186
"../../../Engine/Plugins/Interchange/Assets/Content/Functions/MX_SubsurfaceBSDF.uasset" 187
"../../../Engine/Plugins/Interchange/Assets/Content/Functions/MX_SubsurfaceBSDF.uexp" 188
"../../../Engine/Plugins/Interchange/Assets/Content/Functions/MX_SheenBSDF.uasset" 189
"../../../Engine/Plugins/Interchange/Assets/Content/Functions/MX_SheenBSDF.uexp" 190
"../../../Engine/Plugins/Interchange/Assets/Content/Functions/MX_OrenNayarBSDF.uasset" 191
"../../../Engine/Plugins/Interchange/Assets/Content/Functions/MX_OrenNayarBSDF.uexp" 192
"../../../Engine/Plugins/Interchange/Assets/Content/Functions/MF_IridescenceNoLUT.uasset" 193
"../../../Engine/Plugins/Interchange/Assets/Content/Functions/MF_IridescenceNoLUT.uexp" 194
"../../../Engine/Plugins/Interchange/Assets/Content/Functions/MX_StandardSurface.uasset" 195
"../../../Engine/Plugins/Interchange/Assets/Content/Functions/MX_StandardSurface.uexp" 196
"../../../Engine/Plugins/Interchange/Assets/Content/Functions/MX_TransmissionSurface.uasset" 197
"../../../Engine/Plugins/Interchange/Assets/Content/Functions/MX_TransmissionSurface.uexp" 198
"../../../Engine/Plugins/Interchange/Assets/Content/Functions/MX_OpenPBR_Translucent.uasset" 199
"../../../Engine/Plugins/Interchange/Assets/Content/Functions/MX_OpenPBR_Translucent.uexp" 200
"../../../Engine/Plugins/Interchange/Assets/Content/Functions/MX_OpenPBR_Opaque.uasset" 201
"../../../Engine/Plugins/Interchange/Assets/Content/Functions/MX_OpenPBR_Opaque.uexp" 202
"../../../Engine/Plugins/Interchange/Assets/Content/Functions/MX_MeasuredEDF.uasset" 203
"../../../Engine/Plugins/Interchange/Assets/Content/Functions/MX_MeasuredEDF.uexp" 204
"../../../Engine/Plugins/Interchange/Assets/Content/Functions/MX_GeneralizedSchlickBSDF.uasset" 205
"../../../Engine/Plugins/Interchange/Assets/Content/Functions/MX_GeneralizedSchlickBSDF.uexp" 206
"../../../Engine/Plugins/Interchange/Assets/Content/Functions/MX_Displacement.uasset" 207
"../../../Engine/Plugins/Interchange/Assets/Content/Functions/MX_Displacement.uexp" 208
"../../../Engine/Plugins/Interchange/Assets/Content/Functions/MX_DielectricBSDF.uasset" 209
"../../../Engine/Plugins/Interchange/Assets/Content/Functions/MX_DielectricBSDF.uexp" 210
"../../../Engine/Plugins/Interchange/Assets/Content/Functions/MX_ConicalEDF.uasset" 211
"../../../Engine/Plugins/Interchange/Assets/Content/Functions/MX_ConicalEDF.uexp" 212
"../../../Engine/Plugins/Interchange/Assets/Content/Functions/MX_ConductorBSDF.uasset" 213
"../../../Engine/Plugins/Interchange/Assets/Content/Functions/MX_ConductorBSDF.uexp" 214
"../../../Engine/Plugins/Interchange/Assets/Content/Functions/MX_BurleyDiffuseBSDF.uasset" 215
"../../../Engine/Plugins/Interchange/Assets/Content/Functions/MX_BurleyDiffuseBSDF.uexp" 216
"../../../Engine/Plugins/Interchange/Assets/Content/Functions/MX_AnisotropicVDF.uasset" 217
"../../../Engine/Plugins/Interchange/Assets/Content/Functions/MX_AnisotropicVDF.uexp" 218
"../../../Engine/Plugins/Interchange/Assets/Content/Functions/MX_AbsorptionVDF.uasset" 219
"../../../Engine/Plugins/Interchange/Assets/Content/Functions/MX_AbsorptionVDF.uexp" 220
"../../../Engine/Content/EditorResources/S_BoxReflectionCapture.uasset" 221
"../../../Engine/Content/EditorResources/S_BoxReflectionCapture.uexp" 222
"../../../Engine/Content/Functions/Engine_MaterialFunctions02/Utility/VectorLength.uasset" 223
"../../../Engine/Content/Functions/Engine_MaterialFunctions02/Utility/VectorLength.uexp" 224
"../../../Engine/Content/Functions/Engine_MaterialFunctions02/Utility/BreakOutFloat3Components.uasset" 225
"../../../Engine/Content/Functions/Engine_MaterialFunctions02/Utility/BreakOutFloat3Components.uexp" 226
"../../../Engine/Content/Functions/Engine_MaterialFunctions02/ObjectLocalBounds.uasset" 227
"../../../Engine/Content/Functions/Engine_MaterialFunctions02/ObjectLocalBounds.uexp" 228
"../../../Engine/Content/Functions/Engine_MaterialFunctions02/WorldPositionOffset/ObjectScale.uasset" 229
"../../../Engine/Content/Functions/Engine_MaterialFunctions02/WorldPositionOffset/ObjectScale.uexp" 230
"../../../Engine/Content/Functions/Engine_MaterialFunctions02/SafeNormalize.uasset" 231
"../../../Engine/Content/Functions/Engine_MaterialFunctions02/SafeNormalize.uexp" 232
"../../../Engine/Plugins/Editor/SpeedTreeImporter/Content/SpeedTree9/UnpackInteger3.uasset" 233
"../../../Engine/Plugins/Editor/SpeedTreeImporter/Content/SpeedTree9/UnpackInteger3.uexp" 234
"../../../Engine/Plugins/Editor/SpeedTreeImporter/Content/SpeedTree9/UnpackDirection.uasset" 235
"../../../Engine/Plugins/Editor/SpeedTreeImporter/Content/SpeedTree9/UnpackDirection.uexp" 236
"../../../Engine/Plugins/Editor/SpeedTreeImporter/Content/SpeedTree9/game_wind_noise.ubulk" 237
"../../../Engine/Plugins/Editor/SpeedTreeImporter/Content/SpeedTree9/game_wind_noise.uasset" 238
"../../../Engine/Plugins/Editor/SpeedTreeImporter/Content/SpeedTree9/game_wind_noise.uexp" 239
"../../../Engine/Plugins/Editor/SpeedTreeImporter/Content/SpeedTree9/SpeedTreeWindMotion.uasset" 240
"../../../Engine/Plugins/Editor/SpeedTreeImporter/Content/SpeedTree9/SpeedTreeWindMotion.uexp" 241
"../../../Engine/Plugins/Editor/SpeedTreeImporter/Content/SpeedTree9/SpeedTreeBranchMotion.uasset" 242
"../../../Engine/Plugins/Editor/SpeedTreeImporter/Content/SpeedTree9/SpeedTreeBranchMotion.uexp" 243
"../../../Engine/Content/Functions/Engine_MaterialFunctions02/UVs/BoundingBoxBased_0-1_UVW.uasset" 244
"../../../Engine/Content/Functions/Engine_MaterialFunctions02/UVs/BoundingBoxBased_0-1_UVW.uexp" 245
"../../../Engine/Plugins/Editor/SpeedTreeImporter/Content/SpeedTree9/SpeedTreeWind.uasset" 246
"../../../Engine/Plugins/Editor/SpeedTreeImporter/Content/SpeedTree9/SpeedTreeWind.uexp" 247
"../../../Engine/Plugins/Editor/SpeedTreeImporter/Content/SpeedTree9/SpeedTreeCameraFacing.uasset" 248
"../../../Engine/Plugins/Editor/SpeedTreeImporter/Content/SpeedTree9/SpeedTreeCameraFacing.uexp" 249
"../../../Engine/Plugins/Editor/SpeedTreeImporter/Content/SpeedTree9/Empty.uasset" 250
"../../../Engine/Plugins/Editor/SpeedTreeImporter/Content/SpeedTree9/Empty.uexp" 251
"../../../Engine/Plugins/Editor/SpeedTreeImporter/Content/SpeedTree9/EmptyNormal.uasset" 252
"../../../Engine/Plugins/Editor/SpeedTreeImporter/Content/SpeedTree9/EmptyNormal.uexp" 253
"../../../Engine/Plugins/Editor/SpeedTreeImporter/Content/SpeedTree9/SpeedTreeMaster.uasset" 254
"../../../Engine/Plugins/Editor/SpeedTreeImporter/Content/SpeedTree9/SpeedTreeMaster.uexp" 255
"../../../Engine/Plugins/Editor/SpeedTreeImporter/Content/SpeedTree9/SpeedTreeBillboard.uasset" 256
"../../../Engine/Plugins/Editor/SpeedTreeImporter/Content/SpeedTree9/SpeedTreeBillboard.uexp" 257
"../../../Engine/Plugins/Editor/SpeedTreeImporter/Content/SpeedTree9/SpeedTreeBillboardMaster.uasset" 258
"../../../Engine/Plugins/Editor/SpeedTreeImporter/Content/SpeedTree9/SpeedTreeBillboardMaster.uexp" 259
"../../../Engine/Plugins/Animation/ControlRig/Content/Controls/DefaultGizmoLibraryNormalized.uasset" 260
"../../../Engine/Plugins/Animation/ControlRig/Content/Controls/DefaultGizmoLibraryNormalized.uexp" 261
"../../../Engine/Plugins/Animation/ControlRig/Content/Controls/ControlRig_Wedge_solid.ubulk" 262
"../../../Engine/Plugins/Animation/ControlRig/Content/Controls/ControlRig_Wedge_solid.uasset" 263
"../../../Engine/Plugins/Animation/ControlRig/Content/Controls/ControlRig_Wedge_solid.uexp" 264
"../../../Engine/Plugins/Animation/ControlRig/Content/Controls/ControlRig_Wedge_3mm.ubulk" 265
"../../../Engine/Plugins/Animation/ControlRig/Content/Controls/ControlRig_Wedge_3mm.uasset" 266
"../../../Engine/Plugins/Animation/ControlRig/Content/Controls/ControlRig_Wedge_3mm.uexp" 267
"../../../Engine/Plugins/Animation/ControlRig/Content/Controls/ControlRig_Wedge_1mm.ubulk" 268
"../../../Engine/Plugins/Animation/ControlRig/Content/Controls/ControlRig_Wedge_1mm.uasset" 269
"../../../Engine/Plugins/Animation/ControlRig/Content/Controls/ControlRig_Wedge_1mm.uexp" 270
"../../../Engine/Plugins/Animation/ControlRig/Content/Controls/ControlRig_Triangle_solid.ubulk" 271
"../../../Engine/Plugins/Animation/ControlRig/Content/Controls/ControlRig_Triangle_solid.uasset" 272
"../../../Engine/Plugins/Animation/ControlRig/Content/Controls/ControlRig_Triangle_solid.uexp" 273
"../../../Engine/Plugins/Animation/ControlRig/Content/Controls/ControlRig_Triangle_3mm.ubulk" 274
"../../../Engine/Plugins/Animation/ControlRig/Content/Controls/ControlRig_Triangle_3mm.uasset" 275
"../../../Engine/Plugins/Animation/ControlRig/Content/Controls/ControlRig_Triangle_3mm.uexp" 276
"../../../Engine/Plugins/Animation/ControlRig/Content/Controls/ControlRig_Triangle_1mm.ubulk" 277
"../../../Engine/Plugins/Animation/ControlRig/Content/Controls/ControlRig_Triangle_1mm.uasset" 278
"../../../Engine/Plugins/Animation/ControlRig/Content/Controls/ControlRig_Triangle_1mm.uexp" 279
"../../../Engine/Plugins/Animation/ControlRig/Content/Controls/ControlRig_Star4_solid.ubulk" 280
"../../../Engine/Plugins/Animation/ControlRig/Content/Controls/ControlRig_Star4_solid.uasset" 281
"../../../Engine/Plugins/Animation/ControlRig/Content/Controls/ControlRig_Star4_solid.uexp" 282
"../../../Engine/Plugins/Animation/ControlRig/Content/Controls/ControlRig_Star4_3mm.ubulk" 283
"../../../Engine/Plugins/Animation/ControlRig/Content/Controls/ControlRig_Star4_3mm.uasset" 284
"../../../Engine/Plugins/Animation/ControlRig/Content/Controls/ControlRig_Star4_3mm.uexp" 285
"../../../Engine/Plugins/Animation/ControlRig/Content/Controls/ControlRig_Star4_1mm.ubulk" 286
"../../../Engine/Plugins/Animation/ControlRig/Content/Controls/ControlRig_Star4_1mm.uasset" 287
"../../../Engine/Plugins/Animation/ControlRig/Content/Controls/ControlRig_Star4_1mm.uexp" 288
"../../../Engine/Plugins/Animation/ControlRig/Content/Controls/ControlRig_Square_solid.ubulk" 289
"../../../Engine/Plugins/Animation/ControlRig/Content/Controls/ControlRig_Square_solid.uasset" 290
"../../../Engine/Plugins/Animation/ControlRig/Content/Controls/ControlRig_Square_solid.uexp" 291
"../../../Engine/Plugins/Animation/ControlRig/Content/Controls/ControlRig_Square_3mm.ubulk" 292
"../../../Engine/Plugins/Animation/ControlRig/Content/Controls/ControlRig_Square_3mm.uasset" 293
"../../../Engine/Plugins/Animation/ControlRig/Content/Controls/ControlRig_Square_3mm.uexp" 294
"../../../Engine/Plugins/Animation/ControlRig/Content/Controls/ControlRig_Square_1mm.ubulk" 295
"../../../Engine/Plugins/Animation/ControlRig/Content/Controls/ControlRig_Square_1mm.uasset" 296
"../../../Engine/Plugins/Animation/ControlRig/Content/Controls/ControlRig_Square_1mm.uexp" 297
"../../../Engine/Plugins/Animation/ControlRig/Content/Controls/ControlRig_Sphere_solid.ubulk" 298
"../../../Engine/Plugins/Animation/ControlRig/Content/Controls/ControlRig_Sphere_solid.uasset" 299
"../../../Engine/Plugins/Animation/ControlRig/Content/Controls/ControlRig_Sphere_solid.uexp" 300
"../../../Engine/Plugins/Animation/ControlRig/Content/Controls/ControlRig_Sphere_3mm.ubulk" 301
"../../../Engine/Plugins/Animation/ControlRig/Content/Controls/ControlRig_Sphere_3mm.uasset" 302
"../../../Engine/Plugins/Animation/ControlRig/Content/Controls/ControlRig_Sphere_3mm.uexp" 303
"../../../Engine/Plugins/Animation/ControlRig/Content/Controls/ControlRig_Sphere_1mm.ubulk" 304
"../../../Engine/Plugins/Animation/ControlRig/Content/Controls/ControlRig_Sphere_1mm.uasset" 305
"../../../Engine/Plugins/Animation/ControlRig/Content/Controls/ControlRig_Sphere_1mm.uexp" 306
"../../../Engine/Plugins/Animation/ControlRig/Content/Controls/ControlRig_RoundedTriangle_solid.ubulk" 307
"../../../Engine/Plugins/Animation/ControlRig/Content/Controls/ControlRig_RoundedTriangle_solid.uasset" 308
"../../../Engine/Plugins/Animation/ControlRig/Content/Controls/ControlRig_RoundedTriangle_solid.uexp" 309
"../../../Engine/Plugins/Animation/ControlRig/Content/Controls/ControlRig_RoundedTriangle_3mm.ubulk" 310
"../../../Engine/Plugins/Animation/ControlRig/Content/Controls/ControlRig_RoundedTriangle_3mm.uasset" 311
"../../../Engine/Plugins/Animation/ControlRig/Content/Controls/ControlRig_RoundedTriangle_3mm.uexp" 312
"../../../Engine/Plugins/Animation/ControlRig/Content/Controls/ControlRig_RoundedTriangle_1mm.ubulk" 313
"../../../Engine/Plugins/Animation/ControlRig/Content/Controls/ControlRig_RoundedTriangle_1mm.uasset" 314
"../../../Engine/Plugins/Animation/ControlRig/Content/Controls/ControlRig_RoundedTriangle_1mm.uexp" 315
"../../../Engine/Plugins/Animation/ControlRig/Content/Controls/ControlRig_RoundedSquare_solid.ubulk" 316
"../../../Engine/Plugins/Animation/ControlRig/Content/Controls/ControlRig_RoundedSquare_solid.uasset" 317
"../../../Engine/Plugins/Animation/ControlRig/Content/Controls/ControlRig_RoundedSquare_solid.uexp" 318
"../../../Engine/Plugins/Animation/ControlRig/Content/Controls/ControlRig_RoundedSquare_3mm.ubulk" 319
"../../../Engine/Plugins/Animation/ControlRig/Content/Controls/ControlRig_RoundedSquare_3mm.uasset" 320
"../../../Engine/Plugins/Animation/ControlRig/Content/Controls/ControlRig_RoundedSquare_3mm.uexp" 321
"../../../Engine/Plugins/Animation/ControlRig/Content/Controls/ControlRig_RoundedSquare_1mm.ubulk" 322
"../../../Engine/Plugins/Animation/ControlRig/Content/Controls/ControlRig_RoundedSquare_1mm.uasset" 323
"../../../Engine/Plugins/Animation/ControlRig/Content/Controls/ControlRig_RoundedSquare_1mm.uexp" 324
"../../../Engine/Plugins/Animation/ControlRig/Content/Controls/ControlRig_QuarterCircle_solid.ubulk" 325
"../../../Engine/Plugins/Animation/ControlRig/Content/Controls/ControlRig_QuarterCircle_solid.uasset" 326
"../../../Engine/Plugins/Animation/ControlRig/Content/Controls/ControlRig_QuarterCircle_solid.uexp" 327
"../../../Engine/Plugins/Animation/ControlRig/Content/Controls/ControlRig_QuarterCircle_3mm.ubulk" 328
"../../../Engine/Plugins/Animation/ControlRig/Content/Controls/ControlRig_QuarterCircle_3mm.uasset" 329
"../../../Engine/Plugins/Animation/ControlRig/Content/Controls/ControlRig_QuarterCircle_3mm.uexp" 330
"../../../Engine/Plugins/Animation/ControlRig/Content/Controls/ControlRig_QuarterCircle_1mm.ubulk" 331
"../../../Engine/Plugins/Animation/ControlRig/Content/Controls/ControlRig_QuarterCircle_1mm.uasset" 332
"../../../Engine/Plugins/Animation/ControlRig/Content/Controls/ControlRig_QuarterCircle_1mm.uexp" 333
"../../../Engine/Plugins/Animation/ControlRig/Content/Controls/ControlRig_Pyramid_solid.ubulk" 334
"../../../Engine/Plugins/Animation/ControlRig/Content/Controls/ControlRig_Pyramid_solid.uasset" 335
"../../../Engine/Plugins/Animation/ControlRig/Content/Controls/ControlRig_Pyramid_solid.uexp" 336
"../../../Engine/Plugins/Animation/ControlRig/Content/Controls/ControlRig_Pyramid_3mm.ubulk" 337
"../../../Engine/Plugins/Animation/ControlRig/Content/Controls/ControlRig_Pyramid_3mm.uasset" 338
"../../../Engine/Plugins/Animation/ControlRig/Content/Controls/ControlRig_Pyramid_3mm.uexp" 339
"../../../Engine/Plugins/Animation/ControlRig/Content/Controls/ControlRig_Pyramid_1mm.ubulk" 340
"../../../Engine/Plugins/Animation/ControlRig/Content/Controls/ControlRig_Pyramid_1mm.uasset" 341
"../../../Engine/Plugins/Animation/ControlRig/Content/Controls/ControlRig_Pyramid_1mm.uexp" 342
"../../../Engine/Plugins/Animation/ControlRig/Content/Controls/ControlRig_Octagon_solid.ubulk" 343
"../../../Engine/Plugins/Animation/ControlRig/Content/Controls/ControlRig_Octagon_solid.uasset" 344
"../../../Engine/Plugins/Animation/ControlRig/Content/Controls/ControlRig_Octagon_solid.uexp" 345
"../../../Engine/Plugins/Animation/ControlRig/Content/Controls/ControlRig_Octagon_3mm.ubulk" 346
"../../../Engine/Plugins/Animation/ControlRig/Content/Controls/ControlRig_Octagon_3mm.uasset" 347
"../../../Engine/Plugins/Animation/ControlRig/Content/Controls/ControlRig_Octagon_3mm.uexp" 348
"../../../Engine/Plugins/Animation/ControlRig/Content/Controls/ControlRig_Octagon_1mm.ubulk" 349
"../../../Engine/Plugins/Animation/ControlRig/Content/Controls/ControlRig_Octagon_1mm.uasset" 350
"../../../Engine/Plugins/Animation/ControlRig/Content/Controls/ControlRig_Octagon_1mm.uexp" 351
"../../../Engine/Plugins/Animation/ControlRig/Content/Controls/ControlRig_Hexagon_solid.ubulk" 352
"../../../Engine/Plugins/Animation/ControlRig/Content/Controls/ControlRig_Hexagon_solid.uasset" 353
"../../../Engine/Plugins/Animation/ControlRig/Content/Controls/ControlRig_Hexagon_solid.uexp" 354
"../../../Engine/Plugins/Animation/ControlRig/Content/Controls/ControlRig_Hexagon_3mm.ubulk" 355
"../../../Engine/Plugins/Animation/ControlRig/Content/Controls/ControlRig_Hexagon_3mm.uasset" 356
"../../../Engine/Plugins/Animation/ControlRig/Content/Controls/ControlRig_Hexagon_3mm.uexp" 357
"../../../Engine/Plugins/Animation/ControlRig/Content/Controls/ControlRig_Hexagon_1mm.ubulk" 358
"../../../Engine/Plugins/Animation/ControlRig/Content/Controls/ControlRig_Hexagon_1mm.uasset" 359
"../../../Engine/Plugins/Animation/ControlRig/Content/Controls/ControlRig_Hexagon_1mm.uexp" 360
"../../../Engine/Plugins/Animation/ControlRig/Content/Controls/ControlRig_HalfCircle_solid.ubulk" 361
"../../../Engine/Plugins/Animation/ControlRig/Content/Controls/ControlRig_HalfCircle_solid.uasset" 362
"../../../Engine/Plugins/Animation/ControlRig/Content/Controls/ControlRig_HalfCircle_solid.uexp" 363
"../../../Engine/Plugins/Animation/ControlRig/Content/Controls/ControlRig_HalfCircle_3mm.ubulk" 364
"../../../Engine/Plugins/Animation/ControlRig/Content/Controls/ControlRig_HalfCircle_3mm.uasset" 365
"../../../Engine/Plugins/Animation/ControlRig/Content/Controls/ControlRig_HalfCircle_3mm.uexp" 366
"../../../Engine/Plugins/Animation/ControlRig/Content/Controls/ControlRig_HalfCircle_1mm.ubulk" 367
"../../../Engine/Plugins/Animation/ControlRig/Content/Controls/ControlRig_HalfCircle_1mm.uasset" 368
"../../../Engine/Plugins/Animation/ControlRig/Content/Controls/ControlRig_HalfCircle_1mm.uexp" 369
"../../../Engine/Plugins/Animation/ControlRig/Content/Controls/ControlRig_Diamond_solid.ubulk" 370
"../../../Engine/Plugins/Animation/ControlRig/Content/Controls/ControlRig_Diamond_solid.uasset" 371
"../../../Engine/Plugins/Animation/ControlRig/Content/Controls/ControlRig_Diamond_solid.uexp" 372
"../../../Engine/Plugins/Animation/ControlRig/Content/Controls/ControlRig_Diamond_3mm.ubulk" 373
"../../../Engine/Plugins/Animation/ControlRig/Content/Controls/ControlRig_Diamond_3mm.uasset" 374
"../../../Engine/Plugins/Animation/ControlRig/Content/Controls/ControlRig_Diamond_3mm.uexp" 375
"../../../Engine/Plugins/Animation/ControlRig/Content/Controls/ControlRig_Diamond_1mm.ubulk" 376
"../../../Engine/Plugins/Animation/ControlRig/Content/Controls/ControlRig_Diamond_1mm.uasset" 377
"../../../Engine/Plugins/Animation/ControlRig/Content/Controls/ControlRig_Diamond_1mm.uexp" 378
"../../../Engine/Plugins/Animation/ControlRig/Content/Controls/ControlRig_Circle_solid.ubulk" 379
"../../../Engine/Plugins/Animation/ControlRig/Content/Controls/ControlRig_Circle_solid.uasset" 380
"../../../Engine/Plugins/Animation/ControlRig/Content/Controls/ControlRig_Circle_solid.uexp" 381
"../../../Engine/Plugins/Animation/ControlRig/Content/Controls/ControlRig_Circle_3mm.ubulk" 382
"../../../Engine/Plugins/Animation/ControlRig/Content/Controls/ControlRig_Circle_3mm.uasset" 383
"../../../Engine/Plugins/Animation/ControlRig/Content/Controls/ControlRig_Circle_3mm.uexp" 384
"../../../Engine/Plugins/Animation/ControlRig/Content/Controls/ControlRig_Circle_1mm.ubulk" 385
"../../../Engine/Plugins/Animation/ControlRig/Content/Controls/ControlRig_Circle_1mm.uasset" 386
"../../../Engine/Plugins/Animation/ControlRig/Content/Controls/ControlRig_Circle_1mm.uexp" 387
"../../../Engine/Plugins/Animation/ControlRig/Content/Controls/ControlRig_Box_solid.ubulk" 388
"../../../Engine/Plugins/Animation/ControlRig/Content/Controls/ControlRig_Box_solid.uasset" 389
"../../../Engine/Plugins/Animation/ControlRig/Content/Controls/ControlRig_Box_solid.uexp" 390
"../../../Engine/Plugins/Animation/ControlRig/Content/Controls/ControlRig_Box_3mm.ubulk" 391
"../../../Engine/Plugins/Animation/ControlRig/Content/Controls/ControlRig_Box_3mm.uasset" 392
"../../../Engine/Plugins/Animation/ControlRig/Content/Controls/ControlRig_Box_3mm.uexp" 393
"../../../Engine/Plugins/Animation/ControlRig/Content/Controls/ControlRig_Box_1mm.ubulk" 394
"../../../Engine/Plugins/Animation/ControlRig/Content/Controls/ControlRig_Box_1mm.uasset" 395
"../../../Engine/Plugins/Animation/ControlRig/Content/Controls/ControlRig_Box_1mm.uexp" 396
"../../../Engine/Plugins/Animation/ControlRig/Content/Controls/ControlRig_Arrow_solid.ubulk" 397
"../../../Engine/Plugins/Animation/ControlRig/Content/Controls/ControlRig_Arrow_solid.uasset" 398
"../../../Engine/Plugins/Animation/ControlRig/Content/Controls/ControlRig_Arrow_solid.uexp" 399
"../../../Engine/Plugins/Animation/ControlRig/Content/Controls/ControlRig_Arrow_3mm.ubulk" 400
"../../../Engine/Plugins/Animation/ControlRig/Content/Controls/ControlRig_Arrow_3mm.uasset" 401
"../../../Engine/Plugins/Animation/ControlRig/Content/Controls/ControlRig_Arrow_3mm.uexp" 402
"../../../Engine/Plugins/Animation/ControlRig/Content/Controls/ControlRig_Arrow_1mm.ubulk" 403
"../../../Engine/Plugins/Animation/ControlRig/Content/Controls/ControlRig_Arrow_1mm.uasset" 404
"../../../Engine/Plugins/Animation/ControlRig/Content/Controls/ControlRig_Arrow_1mm.uexp" 405
"../../../Engine/Plugins/Animation/ControlRig/Content/Controls/ControlRig_Arrow4_solid.ubulk" 406
"../../../Engine/Plugins/Animation/ControlRig/Content/Controls/ControlRig_Arrow4_solid.uasset" 407
"../../../Engine/Plugins/Animation/ControlRig/Content/Controls/ControlRig_Arrow4_solid.uexp" 408
"../../../Engine/Plugins/Animation/ControlRig/Content/Controls/ControlRig_Arrow4_3mm.ubulk" 409
"../../../Engine/Plugins/Animation/ControlRig/Content/Controls/ControlRig_Arrow4_3mm.uasset" 410
"../../../Engine/Plugins/Animation/ControlRig/Content/Controls/ControlRig_Arrow4_3mm.uexp" 411
"../../../Engine/Plugins/Animation/ControlRig/Content/Controls/ControlRig_Arrow4_1mm.ubulk" 412
"../../../Engine/Plugins/Animation/ControlRig/Content/Controls/ControlRig_Arrow4_1mm.uasset" 413
"../../../Engine/Plugins/Animation/ControlRig/Content/Controls/ControlRig_Arrow4_1mm.uexp" 414
"../../../Engine/Plugins/Animation/ControlRig/Content/Controls/ControlRig_Arrow2_solid.ubulk" 415
"../../../Engine/Plugins/Animation/ControlRig/Content/Controls/ControlRig_Arrow2_solid.uasset" 416
"../../../Engine/Plugins/Animation/ControlRig/Content/Controls/ControlRig_Arrow2_solid.uexp" 417
"../../../Engine/Plugins/Animation/ControlRig/Content/Controls/ControlRig_Arrow2_3mm.ubulk" 418
"../../../Engine/Plugins/Animation/ControlRig/Content/Controls/ControlRig_Arrow2_3mm.uasset" 419
"../../../Engine/Plugins/Animation/ControlRig/Content/Controls/ControlRig_Arrow2_3mm.uexp" 420
"../../../Engine/Plugins/Animation/ControlRig/Content/Controls/ControlRig_Arrow2_1mm.ubulk" 421
"../../../Engine/Plugins/Animation/ControlRig/Content/Controls/ControlRig_Arrow2_1mm.uasset" 422
"../../../Engine/Plugins/Animation/ControlRig/Content/Controls/ControlRig_Arrow2_1mm.uexp" 423
"../../../Engine/Plugins/Animation/ControlRig/Content/Controls/ControlRigXRayMaterial.uasset" 424
"../../../Engine/Plugins/Animation/ControlRig/Content/Controls/ControlRigXRayMaterial.uexp" 425
"../../../Engine/Plugins/Animation/ControlRig/Content/Controls/ControlRigGizmoMaterial.uasset" 426
"../../../Engine/Plugins/Animation/ControlRig/Content/Controls/ControlRigGizmoMaterial.uexp" 427
"../../../Engine/Content/VREditor/TransformGizmo/Xray.uasset" 428
"../../../Engine/Content/VREditor/TransformGizmo/Xray.uexp" 429
"../../../Engine/Content/VREditor/TransformGizmo/Main.uasset" 430
"../../../Engine/Content/VREditor/TransformGizmo/Main.uexp" 431
"../../../Engine/Content/VREditor/TransformGizmo/SM_Sequencer_Node.ubulk" 432
"../../../Engine/Content/VREditor/TransformGizmo/SM_Sequencer_Node.uasset" 433
"../../../Engine/Content/VREditor/TransformGizmo/SM_Sequencer_Node.uexp" 434
"../../../Engine/Content/VREditor/TransformGizmo/TranslucentTransformGizmoMaterial.uasset" 435
"../../../Engine/Content/VREditor/TransformGizmo/TranslucentTransformGizmoMaterial.uexp" 436
"../../../Engine/Content/VREditor/LaserPointer/VR_LaserPower_01.ubulk" 437
"../../../Engine/Content/VREditor/LaserPointer/VR_LaserPower_01.uasset" 438
"../../../Engine/Content/VREditor/LaserPointer/VR_LaserPower_01.uexp" 439
"../../../Engine/Content/VREditor/TransformGizmo/TransformGizmoMaterial.uasset" 440
"../../../Engine/Content/VREditor/TransformGizmo/TransformGizmoMaterial.uexp" 441
"../../../Engine/Content/VREditor/TransformGizmo/BoundingBoxEdge.ubulk" 442
"../../../Engine/Content/VREditor/TransformGizmo/BoundingBoxEdge.uasset" 443
"../../../Engine/Content/VREditor/TransformGizmo/BoundingBoxEdge.uexp" 444
"../../../Engine/Content/VREditor/TransformGizmo/BoundingBoxCorner.ubulk" 445
"../../../Engine/Content/VREditor/TransformGizmo/BoundingBoxCorner.uasset" 446
"../../../Engine/Content/VREditor/TransformGizmo/BoundingBoxCorner.uexp" 447
"../../../Engine/Content/Functions/Engine_MaterialFunctions01/Shading/PowerToRoughness.uasset" 448
"../../../Engine/Content/Functions/Engine_MaterialFunctions01/Shading/PowerToRoughness.uexp" 449
"../../../Engine/Content/Functions/Engine_MaterialFunctions01/Shading/ConvertFromDiffSpec.uasset" 450
"../../../Engine/Content/Functions/Engine_MaterialFunctions01/Shading/ConvertFromDiffSpec.uexp" 451
"../../../Engine/Content/EngineSounds/Master.uasset" 452
"../../../Engine/Content/EngineSounds/Master.uexp" 453
"../../../Engine/Content/EngineResources/FilmGrains/Marcie_Grain_v3_128_M2_000.uasset" 454
"../../../Engine/Content/EngineResources/FilmGrains/Marcie_Grain_v3_128_M2_000.uexp" 455
"../../../Engine/Content/EngineResources/Development/ZenLogo_64.uasset" 456
"../../../Engine/Content/EngineResources/Development/ZenLogo_64.uexp" 457
"../../../Engine/Content/EngineMeshes/Sphere.ubulk" 458
"../../../Engine/Content/EngineMeshes/Sphere.uasset" 459
"../../../Engine/Content/EngineMeshes/Sphere.uexp" 460
"../../../Engine/Content/EngineMaterials/RemoveSurfaceMaterial.uasset" 461
"../../../Engine/Content/EngineMaterials/RemoveSurfaceMaterial.uexp" 462
"../../../Engine/Content/EngineMaterials/PreintegratedSkinBRDF.uasset" 463
"../../../Engine/Content/EngineMaterials/PreintegratedSkinBRDF.uexp" 464
"../../../Engine/Content/EngineMaterials/DefaultCalibrationGrayscale.uasset" 465
"../../../Engine/Content/EngineMaterials/DefaultCalibrationGrayscale.uexp" 466
"../../../Engine/Content/EngineMaterials/PPM_DefaultCalibrationGrayscale.uasset" 467
"../../../Engine/Content/EngineMaterials/PPM_DefaultCalibrationGrayscale.uexp" 468
"../../../Engine/Content/EngineMaterials/DefaultCalibrationColor.uasset" 469
"../../../Engine/Content/EngineMaterials/DefaultCalibrationColor.uexp" 470
"../../../Engine/Content/EngineMaterials/PPM_DefaultCalibrationColor.uasset" 471
"../../../Engine/Content/EngineMaterials/PPM_DefaultCalibrationColor.uexp" 472
"../../../Engine/Content/EngineMaterials/PhAT_JointLimitMaterial.uasset" 473
"../../../Engine/Content/EngineMaterials/PhAT_JointLimitMaterial.uexp" 474
"../../../Engine/Content/EngineMaterials/NaniteHiddenSectionMaterial.uasset" 475
"../../../Engine/Content/EngineMaterials/NaniteHiddenSectionMaterial.uexp" 476
"../../../Engine/Content/EngineMaterials/InvalidLightmapSettings.ubulk" 477
"../../../Engine/Content/EngineMaterials/InvalidLightmapSettings.uasset" 478
"../../../Engine/Content/EngineMaterials/InvalidLightmapSettings.uexp" 479
"../../../Engine/Content/EngineMaterials/M_InvalidLightmapSettings.uasset" 480
"../../../Engine/Content/EngineMaterials/M_InvalidLightmapSettings.uexp" 481
"../../../Engine/Content/EngineMaterials/MiniFont.uasset" 482
"../../../Engine/Content/EngineMaterials/MiniFont.uexp" 483
"../../../Engine/Content/EngineMaterials/GizmoMaterial.uasset" 484
"../../../Engine/Content/EngineMaterials/GizmoMaterial.uexp" 485
"../../../Engine/Content/EngineMaterials/BaseFlattenDiffuseMap_VT.ubulk" 486
"../../../Engine/Content/EngineMaterials/BaseFlattenDiffuseMap_VT.uasset" 487
"../../../Engine/Content/EngineMaterials/BaseFlattenDiffuseMap_VT.uexp" 488
"../../../Engine/Content/EngineMaterials/BaseFlattenEmissiveMap_VT.ubulk" 489
"../../../Engine/Content/EngineMaterials/BaseFlattenEmissiveMap_VT.uasset" 490
"../../../Engine/Content/EngineMaterials/BaseFlattenEmissiveMap_VT.uexp" 491
"../../../Engine/Content/EngineMaterials/BaseFlattenGrayscaleMap_VT.ubulk" 492
"../../../Engine/Content/EngineMaterials/BaseFlattenGrayscaleMap_VT.uasset" 493
"../../../Engine/Content/EngineMaterials/BaseFlattenGrayscaleMap_VT.uexp" 494
"../../../Engine/Content/EngineMaterials/BaseFlattenLinearColor_VT.ubulk" 495
"../../../Engine/Content/EngineMaterials/BaseFlattenLinearColor_VT.uasset" 496
"../../../Engine/Content/EngineMaterials/BaseFlattenLinearColor_VT.uexp" 497
"../../../Engine/Content/EngineMaterials/BaseFlattenNormalMap_VT.ubulk" 498
"../../../Engine/Content/EngineMaterials/BaseFlattenNormalMap_VT.uasset" 499
"../../../Engine/Content/EngineMaterials/BaseFlattenNormalMap_VT.uexp" 500
"../../../Engine/Content/EngineMaterials/Black_1x1_EXR_Texture_VT.ubulk" 501
"../../../Engine/Content/EngineMaterials/Black_1x1_EXR_Texture_VT.uasset" 502
"../../../Engine/Content/EngineMaterials/Black_1x1_EXR_Texture_VT.uexp" 503
"../../../Engine/Content/EngineMaterials/FlattenMaterial_WS_Normal_VT.uasset" 504
"../../../Engine/Content/EngineMaterials/FlattenMaterial_WS_Normal_VT.uexp" 505
"../../../Engine/Content/EngineMaterials/FlattenMaterial_VT.uasset" 506
"../../../Engine/Content/EngineMaterials/FlattenMaterial_VT.uexp" 507
"../../../Engine/Content/EngineMaterials/BaseFlattenLinearColor.uasset" 508
"../../../Engine/Content/EngineMaterials/BaseFlattenLinearColor.uexp" 509
"../../../Engine/Content/EngineMaterials/BaseFlattenNormalMap.uasset" 510
"../../../Engine/Content/EngineMaterials/BaseFlattenNormalMap.uexp" 511
"../../../Engine/Content/Functions/Engine_MaterialFunctions02/PivotPainter2/Black_1x1_EXR_Texture.uasset" 512
"../../../Engine/Content/Functions/Engine_MaterialFunctions02/PivotPainter2/Black_1x1_EXR_Texture.uexp" 513
"../../../Engine/Content/EngineMaterials/BaseFlattenDiffuseMap.uasset" 514
"../../../Engine/Content/EngineMaterials/BaseFlattenDiffuseMap.uexp" 515
"../../../Engine/Content/EngineMaterials/BaseFlattenEmissiveMap.uasset" 516
"../../../Engine/Content/EngineMaterials/BaseFlattenEmissiveMap.uexp" 517
"../../../Engine/Content/EngineMaterials/BaseFlattenGrayscaleMap.uasset" 518
"../../../Engine/Content/EngineMaterials/BaseFlattenGrayscaleMap.uexp" 519
"../../../Engine/Content/EngineMaterials/FlattenMaterial.uasset" 520
"../../../Engine/Content/EngineMaterials/FlattenMaterial.uexp" 521
"../../../Engine/Content/EngineMaterials/FastBlueNoise_vec2_128x128x64.uasset" 522
"../../../Engine/Content/EngineMaterials/FastBlueNoise_vec2_128x128x64.uexp" 523
"../../../Engine/Content/EngineMaterials/FastBlueNoise_scalar_128x128x8.uasset" 524
"../../../Engine/Content/EngineMaterials/FastBlueNoise_scalar_128x128x8.uexp" 525
"../../../Engine/Content/EngineMaterials/FastBlueNoise_scalar_128x128x64.uasset" 526
"../../../Engine/Content/EngineMaterials/FastBlueNoise_scalar_128x128x64.uexp" 527
"../../../Engine/Content/EngineMaterials/DefaultWhiteGrid_Low.uasset" 528
"../../../Engine/Content/EngineMaterials/DefaultWhiteGrid_Low.uexp" 529
"../../../Engine/Content/EngineMaterials/EmissiveMeshMaterial.uasset" 530
"../../../Engine/Content/EngineMaterials/EmissiveMeshMaterial.uexp" 531
"../../../Engine/Content/EngineMaterials/DefaultWhiteGrid.ubulk" 532
"../../../Engine/Content/EngineMaterials/DefaultWhiteGrid.uasset" 533
"../../../Engine/Content/EngineMaterials/DefaultWhiteGrid.uexp" 534
"../../../Engine/Content/EngineFonts/RobotoDistanceField.uasset" 535
"../../../Engine/Content/EngineFonts/RobotoDistanceField.uexp" 536
"../../../Engine/Content/EngineMaterials/DefaultTextMaterialOpaque.uasset" 537
"../../../Engine/Content/EngineMaterials/DefaultTextMaterialOpaque.uexp" 538
"../../../Engine/Content/Functions/Engine_MaterialFunctions02/Utility/BreakOutFloat2Components.uasset" 539
"../../../Engine/Content/Functions/Engine_MaterialFunctions02/Utility/BreakOutFloat2Components.uexp" 540
"../../../Engine/Content/EngineMaterials/DefaultDiffuse.ubulk" 541
"../../../Engine/Content/EngineMaterials/DefaultDiffuse.uasset" 542
"../../../Engine/Content/EngineMaterials/DefaultDiffuse.uexp" 543
"../../../Engine/Content/EngineMaterials/DefaultPostProcessMaterial.uasset" 544
"../../../Engine/Content/EngineMaterials/DefaultPostProcessMaterial.uexp" 545
"../../../Engine/Content/EngineMaterials/DefaultPhysicalMaterial.uasset" 546
"../../../Engine/Content/EngineMaterials/DefaultPhysicalMaterial.uexp" 547
"../../../Engine/Content/EngineMaterials/DefaultLightFunctionMaterial.uasset" 548
"../../../Engine/Content/EngineMaterials/DefaultLightFunctionMaterial.uexp" 549
"../../../Engine/Content/EngineMaterials/DefaultDestructiblePhysicalMaterial.uasset" 550
"../../../Engine/Content/EngineMaterials/DefaultDestructiblePhysicalMaterial.uexp" 551
"../../../Engine/Content/EngineMaterials/DefaultDeferredDecalMaterial.uasset" 552
"../../../Engine/Content/EngineMaterials/DefaultDeferredDecalMaterial.uexp" 553
"../../../Engine/Content/EngineMaterials/DefaultBokeh.uasset" 554
"../../../Engine/Content/EngineMaterials/DefaultBokeh.uexp" 555
"../../../Engine/Content/EngineMaterials/DefaultBloomKernel.uasset" 556
"../../../Engine/Content/EngineMaterials/DefaultBloomKernel.uexp" 557
"../../../Engine/Content/EditorResources/S_TriggerBox.uasset" 558
"../../../Engine/Content/EditorResources/S_TriggerBox.uexp" 559
"../../../Engine/Content/EditorResources/S_TriggerCapsule.uasset" 560
"../../../Engine/Content/EditorResources/S_TriggerCapsule.uexp" 561
"../../../Engine/Content/EditorResources/S_TriggerSphere.uasset" 562
"../../../Engine/Content/EditorResources/S_TriggerSphere.uexp" 563
"../../../Engine/Content/EngineMaterials/Substrate/GLints/AGlintTex2dArray.uasset" 564
"../../../Engine/Content/EngineMaterials/Substrate/GLints/AGlintTex2dArray.uexp" 565
"../../../Engine/Content/EngineMaterials/LTC/Sheen_LTC.uasset" 566
"../../../Engine/Content/EngineMaterials/LTC/Sheen_LTC.uexp" 567
"../../../Engine/Content/EngineMaterials/LTC/GGX_LTCMat.uasset" 568
"../../../Engine/Content/EngineMaterials/LTC/GGX_LTCMat.uexp" 569
"../../../Engine/Content/EngineMaterials/LTC/GGX_LTCAmp.uasset" 570
"../../../Engine/Content/EngineMaterials/LTC/GGX_LTCAmp.uexp" 571
"../../../Engine/Content/EngineMaterials/EnergyConservation/Sheen_Energy.uasset" 572
"../../../Engine/Content/EngineMaterials/EnergyConservation/Sheen_Energy.uexp" 573
"../../../Engine/Content/EngineMaterials/EnergyConservation/SheenLegacy_Energy.uasset" 574
"../../../Engine/Content/EngineMaterials/EnergyConservation/SheenLegacy_Energy.uexp" 575
"../../../Engine/Content/EngineMaterials/EnergyConservation/GGX_TransmissionEnergyArray.uasset" 576
"../../../Engine/Content/EngineMaterials/EnergyConservation/GGX_TransmissionEnergyArray.uexp" 577
"../../../Engine/Content/EngineMaterials/EnergyConservation/GGX_ReflectionEnergy.uasset" 578
"../../../Engine/Content/EngineMaterials/EnergyConservation/GGX_ReflectionEnergy.uexp" 579
"../../../Engine/Content/EngineMaterials/EnergyConservation/Diffuse_Energy.uasset" 580
"../../../Engine/Content/EngineMaterials/EnergyConservation/Diffuse_Energy.uexp" 581
"../../../Engine/Content/EngineFonts/Faces/RobotoRegular.uexp" 582
"../../../Engine/Content/EngineFonts/Faces/RobotoRegular.uasset" 583
"../../../Engine/Content/EngineFonts/Faces/RobotoRegular.ufont" 584
"../../../Engine/Content/EngineFonts/Faces/RobotoLight.uexp" 585
"../../../Engine/Content/EngineFonts/Faces/RobotoLight.uasset" 586
"../../../Engine/Content/EngineFonts/Faces/RobotoLight.ufont" 587
"../../../Engine/Content/EngineFonts/Faces/RobotoItalic.uexp" 588
"../../../Engine/Content/EngineFonts/Faces/RobotoItalic.uasset" 589
"../../../Engine/Content/EngineFonts/Faces/RobotoItalic.ufont" 590
"../../../Engine/Content/EngineFonts/Faces/RobotoBoldItalic.uexp" 591
"../../../Engine/Content/EngineFonts/Faces/RobotoBoldItalic.uasset" 592
"../../../Engine/Content/EngineFonts/Faces/RobotoBoldItalic.ufont" 593
"../../../Engine/Content/EngineFonts/Faces/RobotoBold.uexp" 594
"../../../Engine/Content/EngineFonts/Faces/RobotoBold.uasset" 595
"../../../Engine/Content/EngineFonts/Faces/RobotoBold.ufont" 596
"../../../Engine/Content/EngineFonts/Faces/DroidSansFallback.uexp" 597
"../../../Engine/Content/EngineFonts/Faces/DroidSansFallback.uasset" 598
"../../../Engine/Content/EngineFonts/Faces/DroidSansFallback.ufont" 599
"../../../Engine/Content/EngineFonts/Roboto.uasset" 600
"../../../Engine/Content/EngineFonts/Roboto.uexp" 601
"../../../Engine/Content/EngineFonts/Faces/DroidSansMono.uexp" 602
"../../../Engine/Content/EngineFonts/Faces/DroidSansMono.uasset" 603
"../../../Engine/Content/EngineFonts/Faces/DroidSansMono.ufont" 604
"../../../Engine/Content/EngineFonts/DroidSansMono.uasset" 605
"../../../Engine/Content/EngineFonts/DroidSansMono.uexp" 606
"../../../Engine/Content/Functions/Engine_MaterialFunctions02/Utility/CameraDirectionVector.uasset" 607
"../../../Engine/Content/Functions/Engine_MaterialFunctions02/Utility/CameraDirectionVector.uexp" 608
"../../../Engine/Content/EngineDebugMaterials/VolumeToRender.uasset" 609
"../../../Engine/Content/EngineDebugMaterials/VolumeToRender.uexp" 610
"../../../Engine/Content/EngineDebugMaterials/M_VolumeRenderSphereTracePP.uasset" 611
"../../../Engine/Content/EngineDebugMaterials/M_VolumeRenderSphereTracePP.uexp" 612
"../../../Engine/Content/EngineDebugMaterials/M_SimpleUnlitTranslucent.uasset" 613
"../../../Engine/Content/EngineDebugMaterials/M_SimpleUnlitTranslucent.uexp" 614
"../../../Engine/Content/EngineDebugMaterials/DebugMeshMaterial.uasset" 615
"../../../Engine/Content/EngineDebugMaterials/DebugMeshMaterial.uexp" 616
"../../../Engine/Content/EngineDebugMaterials/DebugEditorMaterial.uasset" 617
"../../../Engine/Content/EngineDebugMaterials/DebugEditorMaterial.uexp" 618
"../../../Engine/Content/EngineDamageTypes/DmgTypeBP_Environmental.uasset" 619
"../../../Engine/Content/EngineDamageTypes/DmgTypeBP_Environmental.uexp" 620
"../../../Engine/Content/EditorResources/S_Terrain.ubulk" 621
"../../../Engine/Content/EditorResources/S_Terrain.uasset" 622
"../../../Engine/Content/EditorResources/S_Terrain.uexp" 623
"../../../Engine/Content/EditorResources/S_Solver.ubulk" 624
"../../../Engine/Content/EditorResources/S_Solver.uasset" 625
"../../../Engine/Content/EditorResources/S_Solver.uexp" 626
"../../../Engine/Content/EditorResources/BSPVertex.uasset" 627
"../../../Engine/Content/EditorResources/BSPVertex.uexp" 628
"../../../Engine/Content/EditorResources/SequenceRecorder/RecordingIndicator.uasset" 629
"../../../Engine/Content/EditorResources/SequenceRecorder/RecordingIndicator.uexp" 630
"../../../Engine/Content/EditorResources/SequenceRecorder/Countdown.uasset" 631
"../../../Engine/Content/EditorResources/SequenceRecorder/Countdown.uexp" 632
"../../../Engine/Content/EditorMaterials/Camera/CineMat.uasset" 633
"../../../Engine/Content/EditorMaterials/Camera/CineMat.uexp" 634
"../../../Engine/Content/EditorMaterials/Camera/MI_CineMat_Rig.uasset" 635
"../../../Engine/Content/EditorMaterials/Camera/MI_CineMat_Rig.uexp" 636
"../../../Engine/Content/EditorMeshes/Camera/SM_RailRig_Track.ubulk" 637
"../../../Engine/Content/EditorMeshes/Camera/SM_RailRig_Track.uasset" 638
"../../../Engine/Content/EditorMeshes/Camera/SM_RailRig_Track.uexp" 639
"../../../Engine/Content/EditorMeshes/Camera/SM_RailRig_Mount.ubulk" 640
"../../../Engine/Content/EditorMeshes/Camera/SM_RailRig_Mount.uasset" 641
"../../../Engine/Content/EditorMeshes/Camera/SM_RailRig_Mount.uexp" 642
"../../../Engine/Content/EditorMeshes/Camera/SM_CraneRig_Mount.ubulk" 643
"../../../Engine/Content/EditorMeshes/Camera/SM_CraneRig_Mount.uasset" 644
"../../../Engine/Content/EditorMeshes/Camera/SM_CraneRig_Mount.uexp" 645
"../../../Engine/Content/EditorMeshes/Camera/SM_CraneRig_Body.ubulk" 646
"../../../Engine/Content/EditorMeshes/Camera/SM_CraneRig_Body.uasset" 647
"../../../Engine/Content/EditorMeshes/Camera/SM_CraneRig_Body.uexp" 648
"../../../Engine/Content/EditorMeshes/Camera/SM_CraneRig_Base.ubulk" 649
"../../../Engine/Content/EditorMeshes/Camera/SM_CraneRig_Base.uasset" 650
"../../../Engine/Content/EditorMeshes/Camera/SM_CraneRig_Base.uexp" 651
"../../../Engine/Content/EditorMeshes/Camera/SM_CraneRig_Arm.ubulk" 652
"../../../Engine/Content/EditorMeshes/Camera/SM_CraneRig_Arm.uasset" 653
"../../../Engine/Content/EditorMeshes/Camera/SM_CraneRig_Arm.uexp" 654
"../../../Engine/Content/EditorMaterials/PreviewShadowIndicator.ubulk" 655
"../../../Engine/Content/EditorMaterials/PreviewShadowIndicator.uasset" 656
"../../../Engine/Content/EditorMaterials/PreviewShadowIndicator.uexp" 657
"../../../Engine/Content/EditorMaterials/PreviewShadowIndicatorMaterial.uasset" 658
"../../../Engine/Content/EditorMaterials/PreviewShadowIndicatorMaterial.uexp" 659
"../../../Engine/Content/EditorMaterials/PhAT_UnselectedMaterial.uasset" 660
"../../../Engine/Content/EditorMaterials/PhAT_UnselectedMaterial.uexp" 661
"../../../Engine/Content/EditorMaterials/PhAT_NoCollisionMaterial.uasset" 662
"../../../Engine/Content/EditorMaterials/PhAT_NoCollisionMaterial.uexp" 663
"../../../Engine/Content/EditorMaterials/ParticleSystems/PSysThumbnail_OOD.ubulk" 664
"../../../Engine/Content/EditorMaterials/ParticleSystems/PSysThumbnail_OOD.uasset" 665
"../../../Engine/Content/EditorMaterials/ParticleSystems/PSysThumbnail_OOD.uexp" 666
"../../../Engine/Content/EditorMaterials/ParticleSystems/PSysThumbnail_NoImage.ubulk" 667
"../../../Engine/Content/EditorMaterials/ParticleSystems/PSysThumbnail_NoImage.uasset" 668
"../../../Engine/Content/EditorMaterials/ParticleSystems/PSysThumbnail_NoImage.uexp" 669
"../../../Engine/Content/EditorMaterials/Dataflow/DataflowVertexMaterial.uasset" 670
"../../../Engine/Content/EditorMaterials/Dataflow/DataflowVertexMaterial.uexp" 671
"../../../Engine/Content/EditorMaterials/Dataflow/DataflowTwoSidedVertexMaterial.uasset" 672
"../../../Engine/Content/EditorMaterials/Dataflow/DataflowTwoSidedVertexMaterial.uexp" 673
"../../../Engine/Content/EditorLandscapeResources/SplineEditorMeshMat.uasset" 674
"../../../Engine/Content/EditorLandscapeResources/SplineEditorMeshMat.uexp" 675
"../../../Engine/Content/EditorLandscapeResources/SplineEditorMesh.ubulk" 676
"../../../Engine/Content/EditorLandscapeResources/SplineEditorMesh.uasset" 677
"../../../Engine/Content/EditorLandscapeResources/SplineEditorMesh.uexp" 678
"../../../Engine/Content/EditorLandscapeResources/WhiteSquareTexture.uasset" 679
"../../../Engine/Content/EditorLandscapeResources/WhiteSquareTexture.uexp" 680
"../../../Engine/Content/EditorLandscapeResources/LayerVisMaterial.uasset" 681
"../../../Engine/Content/EditorLandscapeResources/LayerVisMaterial.uexp" 682
"../../../Engine/Content/Functions/Engine_MaterialFunctions01/Texturing/ScaleUVsByCenter.uasset" 683
"../../../Engine/Content/Functions/Engine_MaterialFunctions01/Texturing/ScaleUVsByCenter.uexp" 684
"../../../Engine/Content/Functions/Engine_MaterialFunctions02/WorldPositionOffset/LocalPosition.uasset" 685
"../../../Engine/Content/Functions/Engine_MaterialFunctions02/WorldPositionOffset/LocalPosition.uexp" 686
"../../../Engine/Content/Functions/Engine_MaterialFunctions01/Texturing/TextureCropping.uasset" 687
"../../../Engine/Content/Functions/Engine_MaterialFunctions01/Texturing/TextureCropping.uexp" 688
"../../../Engine/Content/Functions/Engine_MaterialFunctions02/ExampleContent/DebugNumberStrip.uasset" 689
"../../../Engine/Content/Functions/Engine_MaterialFunctions02/ExampleContent/DebugNumberStrip.uexp" 690
"../../../Engine/Content/Functions/Engine_MaterialFunctions01/Debug/DebugIntValues.uasset" 691
"../../../Engine/Content/Functions/Engine_MaterialFunctions01/Debug/DebugIntValues.uexp" 692
"../../../Engine/Content/EditorLandscapeResources/LandscapeLayerUsageMaterial.uasset" 693
"../../../Engine/Content/EditorLandscapeResources/LandscapeLayerUsageMaterial.uexp" 694
"../../../Engine/Content/EditorLandscapeResources/DefaultAlphaTexture.uasset" 695
"../../../Engine/Content/EditorLandscapeResources/DefaultAlphaTexture.uexp" 696
"../../../Engine/Content/EditorLandscapeResources/LandscapeDirtyMaterial.uasset" 697
"../../../Engine/Content/EditorLandscapeResources/LandscapeDirtyMaterial.uexp" 698
"../../../Engine/Content/EngineMaterials/DefaultMaterial.uasset" 699
"../../../Engine/Content/EngineMaterials/DefaultMaterial.uexp" 700
"../../../Engine/Content/BasicShapes/Sphere.ubulk" 701
"../../../Engine/Content/BasicShapes/Sphere.uasset" 702
"../../../Engine/Content/BasicShapes/Sphere.uexp" 703
"../../../Engine/Content/BasicShapes/Cylinder.ubulk" 704
"../../../Engine/Content/BasicShapes/Cylinder.uasset" 705
"../../../Engine/Content/BasicShapes/Cylinder.uexp" 706
"../../../Engine/Content/BasicShapes/Cube.ubulk" 707
"../../../Engine/Content/BasicShapes/Cube.uasset" 708
"../../../Engine/Content/BasicShapes/Cube.uexp" 709
"../../../Engine/Content/BasicShapes/Cone.ubulk" 710
"../../../Engine/Content/BasicShapes/Cone.uasset" 711
"../../../Engine/Content/BasicShapes/Cone.uexp" 712
"../../../Engine/Content/BasicShapes/BasicShapeMaterial.uasset" 713
"../../../Engine/Content/BasicShapes/BasicShapeMaterial.uexp" 714
"../../../Engine/Content/ArtTools/RenderToTexture/Meshes/S_1_Unit_Plane.ubulk" 715
"../../../Engine/Content/ArtTools/RenderToTexture/Meshes/S_1_Unit_Plane.uasset" 716
"../../../Engine/Content/ArtTools/RenderToTexture/Meshes/S_1_Unit_Plane.uexp" 717
"../../../Engine/Content/EditorLandscapeResources/ColorMaskBrushMaterial.uasset" 718
"../../../Engine/Content/EditorLandscapeResources/ColorMaskBrushMaterial.uexp" 719
"../../../Engine/Content/EditorLandscapeResources/ColorMaskBrushMaterial_MaskedRegion.uasset" 720
"../../../Engine/Content/EditorLandscapeResources/ColorMaskBrushMaterial_MaskedRegion.uexp" 721
"../../../Engine/Content/Functions/Engine_MaterialFunctions03/Math/WithinRangeFloat2.uasset" 722
"../../../Engine/Content/Functions/Engine_MaterialFunctions03/Math/WithinRangeFloat2.uexp" 723
"../../../Engine/Content/EditorLandscapeResources/MaskBrushMaterial.uasset" 724
"../../../Engine/Content/EditorLandscapeResources/MaskBrushMaterial.uexp" 725
"../../../Engine/Content/EditorLandscapeResources/MaskBrushMaterial_MaskedRegion.uasset" 726
"../../../Engine/Content/EditorLandscapeResources/MaskBrushMaterial_MaskedRegion.uexp" 727
"../../../Engine/Content/EditorLandscapeResources/SelectBrushMaterial.uasset" 728
"../../../Engine/Content/EditorLandscapeResources/SelectBrushMaterial.uexp" 729
"../../../Engine/Content/EditorLandscapeResources/SelectBrushMaterial_Selected.uasset" 730
"../../../Engine/Content/EditorLandscapeResources/SelectBrushMaterial_Selected.uexp" 731
"../../../Engine/Content/EditorLandscapeResources/SelectBrushMaterial_SelectedRegion.uasset" 732
"../../../Engine/Content/EditorLandscapeResources/SelectBrushMaterial_SelectedRegion.uexp" 733
"../../../Engine/Content/EngineMaterials/Substrate/Glints2/AGlintTex2dArray2.uasset" 734
"../../../Engine/Content/EngineMaterials/Substrate/Glints2/AGlintTex2dArray2.uexp" 735
"../../../Engine/Content/EngineMaterials/Substrate/Volume/SubstrateSimpleVolumeEnvLUT3D.uasset" 736
"../../../Engine/Content/EngineMaterials/Substrate/Volume/SubstrateSimpleVolumeEnvLUT3D.uexp" 737
"../../../Engine/Content/EngineMaterials/Substrate/Volume/SubstrateSimpleVolumeLUT3D.uasset" 738
"../../../Engine/Content/EngineMaterials/Substrate/Volume/SubstrateSimpleVolumeLUT3D.uexp" 739
"../../../Engine/Content/EngineMaterials/WeightMapPlaceholderTexture.uasset" 740
"../../../Engine/Content/EngineMaterials/WeightMapPlaceholderTexture.uexp" 741
"../../../Engine/Content/EngineMaterials/WeightMapArrayPlaceholderTexture.uasset" 742
"../../../Engine/Content/EngineMaterials/WeightMapArrayPlaceholderTexture.uexp" 743
"../../../Engine/Content/EngineResources/WhiteSquareTexture.uasset" 744
"../../../Engine/Content/EngineResources/WhiteSquareTexture.uexp" 745
"../../../Engine/Content/EngineMaterials/Widget3DPassThrough.uasset" 746
"../../../Engine/Content/EngineMaterials/Widget3DPassThrough.uexp" 747
"../../../Engine/Content/EngineMaterials/Widget3DPassThrough_Masked.uasset" 748
"../../../Engine/Content/EngineMaterials/Widget3DPassThrough_Masked.uexp" 749
"../../../Engine/Content/EngineMaterials/Widget3DPassThrough_Opaque.uasset" 750
"../../../Engine/Content/EngineMaterials/Widget3DPassThrough_Opaque.uexp" 751
"../../../Engine/Content/EngineMaterials/Widget3DPassThrough_Masked_OneSided.uasset" 752
"../../../Engine/Content/EngineMaterials/Widget3DPassThrough_Masked_OneSided.uexp" 753
"../../../Engine/Content/EngineMaterials/Widget3DPassThrough_Opaque_OneSided.uasset" 754
"../../../Engine/Content/EngineMaterials/Widget3DPassThrough_Opaque_OneSided.uexp" 755
"../../../Engine/Content/EngineMaterials/Widget3DPassThrough_Translucent.uasset" 756
"../../../Engine/Content/EngineMaterials/Widget3DPassThrough_Translucent.uexp" 757
"../../../Engine/Content/EngineMaterials/Widget3DPassThrough_Translucent_OneSided.uasset" 758
"../../../Engine/Content/EngineMaterials/Widget3DPassThrough_Translucent_OneSided.uexp" 759
"../../../Engine/Content/EngineResources/DefaultTextureCube.uasset" 760
"../../../Engine/Content/EngineResources/DefaultTextureCube.uexp" 761
"../../../Engine/Content/EngineResources/DefaultVolumeTexture2D.uasset" 762
"../../../Engine/Content/EngineResources/DefaultVolumeTexture2D.uexp" 763
"../../../Engine/Content/EngineResources/DefaultVolumeTexture.uasset" 764
"../../../Engine/Content/EngineResources/DefaultVolumeTexture.uexp" 765
"../../../Engine/Plugins/Interchange/Assets/Content/Utilities/New_LUT.uasset" 766
"../../../Engine/Plugins/Interchange/Assets/Content/Utilities/New_LUT.uexp" 767
"../../../Engine/Content/Functions/Engine_MaterialFunctions03/Math/RemapValueRange.uasset" 768
"../../../Engine/Content/Functions/Engine_MaterialFunctions03/Math/RemapValueRange.uexp" 769
"../../../Engine/Plugins/Interchange/Assets/Content/Functions/MF_Iridescence.uasset" 770
"../../../Engine/Plugins/Interchange/Assets/Content/Functions/MF_Iridescence.uexp" 771
"../../../Engine/Plugins/Interchange/Assets/Content/gltf/Textures/T_White_srgb.uasset" 772
"../../../Engine/Plugins/Interchange/Assets/Content/gltf/Textures/T_White_srgb.uexp" 773
"../../../Engine/Plugins/Interchange/Assets/Content/gltf/MaterialFunctions/MF_BaseColor.uasset" 774
"../../../Engine/Plugins/Interchange/Assets/Content/gltf/MaterialFunctions/MF_BaseColor.uexp" 775
"../../../Engine/Content/Functions/Engine_MaterialFunctions02/Math/Transform3x3Matrix.uasset" 776
"../../../Engine/Content/Functions/Engine_MaterialFunctions02/Math/Transform3x3Matrix.uexp" 777
"../../../Engine/Plugins/Interchange/Assets/Content/gltf/MaterialFunctions/MF_RotateNormals_TS.uasset" 778
"../../../Engine/Plugins/Interchange/Assets/Content/gltf/MaterialFunctions/MF_RotateNormals_TS.uexp" 779
"../../../Engine/Plugins/Interchange/Assets/Content/gltf/Textures/T_Generic_N.uasset" 780
"../../../Engine/Plugins/Interchange/Assets/Content/gltf/Textures/T_Generic_N.uexp" 781
"../../../Engine/Plugins/Interchange/Assets/Content/gltf/Textures/T_White_Linear.uasset" 782
"../../../Engine/Plugins/Interchange/Assets/Content/gltf/Textures/T_White_Linear.uexp" 783
"../../../Engine/Content/Functions/Engine_MaterialFunctions01/Texturing/FlattenNormal.uasset" 784
"../../../Engine/Content/Functions/Engine_MaterialFunctions01/Texturing/FlattenNormal.uexp" 785
"../../../Engine/Plugins/Interchange/Assets/Content/gltf/MaterialFunctions/MF_Clearcoat.uasset" 786
"../../../Engine/Plugins/Interchange/Assets/Content/gltf/MaterialFunctions/MF_Clearcoat.uexp" 787
"../../../Engine/Plugins/Interchange/Assets/Content/gltf/MaterialFunctions/MF_Emissive.uasset" 788
"../../../Engine/Plugins/Interchange/Assets/Content/gltf/MaterialFunctions/MF_Emissive.uexp" 789
"../../../Engine/Plugins/Interchange/Assets/Content/gltf/MaterialFunctions/MF_IOR.uasset" 790
"../../../Engine/Plugins/Interchange/Assets/Content/gltf/MaterialFunctions/MF_IOR.uexp" 791
"../../../Engine/Plugins/Interchange/Assets/Content/gltf/MaterialFunctions/MF_Iridescence.uasset" 792
"../../../Engine/Plugins/Interchange/Assets/Content/gltf/MaterialFunctions/MF_Iridescence.uexp" 793
"../../../Engine/Plugins/Interchange/Assets/Content/gltf/MaterialFunctions/MF_MetallicRoughness.uasset" 794
"../../../Engine/Plugins/Interchange/Assets/Content/gltf/MaterialFunctions/MF_MetallicRoughness.uexp" 795
"../../../Engine/Plugins/Interchange/Assets/Content/gltf/MaterialFunctions/MF_ScaleNormal.uasset" 796
"../../../Engine/Plugins/Interchange/Assets/Content/gltf/MaterialFunctions/MF_ScaleNormal.uexp" 797
"../../../Engine/Plugins/Interchange/Assets/Content/gltf/MaterialFunctions/MF_Normals.uasset" 798
"../../../Engine/Plugins/Interchange/Assets/Content/gltf/MaterialFunctions/MF_Normals.uexp" 799
"../../../Engine/Plugins/Interchange/Assets/Content/gltf/MaterialFunctions/MF_Occlusion.uasset" 800
"../../../Engine/Plugins/Interchange/Assets/Content/gltf/MaterialFunctions/MF_Occlusion.uexp" 801
"../../../Engine/Plugins/Interchange/Assets/Content/gltf/MaterialFunctions/MF_Specular.uasset" 802
"../../../Engine/Plugins/Interchange/Assets/Content/gltf/MaterialFunctions/MF_Specular.uexp" 803
"../../../Engine/Plugins/Interchange/Assets/Content/gltf/Textures/T_Anisotropy_Direction_Linear.uasset" 804
"../../../Engine/Plugins/Interchange/Assets/Content/gltf/Textures/T_Anisotropy_Direction_Linear.uexp" 805
"../../../Engine/Plugins/Interchange/Assets/Content/gltf/MaterialFunctions/MF_SpecularAnisotropy.uasset" 806
"../../../Engine/Plugins/Interchange/Assets/Content/gltf/MaterialFunctions/MF_SpecularAnisotropy.uexp" 807
"../../../Engine/Plugins/Interchange/Assets/Content/gltf/MaterialFunctions/MF_RotateV2.uasset" 808
"../../../Engine/Plugins/Interchange/Assets/Content/gltf/MaterialFunctions/MF_RotateV2.uexp" 809
"../../../Engine/Plugins/Interchange/Assets/Content/gltf/MaterialFunctions/MF_TransformUVs.uasset" 810
"../../../Engine/Plugins/Interchange/Assets/Content/gltf/MaterialFunctions/MF_TransformUVs.uexp" 811
"../../../Engine/Plugins/Interchange/Assets/Content/gltf/MaterialBodies/MF_ClearCoat_Body.uasset" 812
"../../../Engine/Plugins/Interchange/Assets/Content/gltf/MaterialBodies/MF_ClearCoat_Body.uexp" 813
"../../../Engine/Plugins/Interchange/Assets/Content/gltf/M_ClearCoat.uasset" 814
"../../../Engine/Plugins/Interchange/Assets/Content/gltf/M_ClearCoat.uexp" 815
"../../../Engine/Plugins/Interchange/Assets/Content/gltf/MaterialInstances/MI_ClearCoat_Blend.uasset" 816
"../../../Engine/Plugins/Interchange/Assets/Content/gltf/MaterialInstances/MI_ClearCoat_Blend.uexp" 817
"../../../Engine/Plugins/Interchange/Assets/Content/gltf/MaterialInstances/MI_ClearCoat_Blend_DS.uasset" 818
"../../../Engine/Plugins/Interchange/Assets/Content/gltf/MaterialInstances/MI_ClearCoat_Blend_DS.uexp" 819
"../../../Engine/Plugins/Interchange/Assets/Content/gltf/MaterialInstances/MI_ClearCoat_Mask.uasset" 820
"../../../Engine/Plugins/Interchange/Assets/Content/gltf/MaterialInstances/MI_ClearCoat_Mask.uexp" 821
"../../../Engine/Plugins/Interchange/Assets/Content/gltf/MaterialInstances/MI_ClearCoat_Mask_DS.uasset" 822
"../../../Engine/Plugins/Interchange/Assets/Content/gltf/MaterialInstances/MI_ClearCoat_Mask_DS.uexp" 823
"../../../Engine/Plugins/Interchange/Assets/Content/gltf/MaterialInstances/MI_ClearCoat_Opaque.uasset" 824
"../../../Engine/Plugins/Interchange/Assets/Content/gltf/MaterialInstances/MI_ClearCoat_Opaque.uexp" 825
"../../../Engine/Plugins/Interchange/Assets/Content/gltf/MaterialInstances/MI_ClearCoat_Opaque_DS.uasset" 826
"../../../Engine/Plugins/Interchange/Assets/Content/gltf/MaterialInstances/MI_ClearCoat_Opaque_DS.uexp" 827
"../../../Engine/Plugins/Interchange/Assets/Content/gltf/MaterialBodies/MF_Default_Body.uasset" 828
"../../../Engine/Plugins/Interchange/Assets/Content/gltf/MaterialBodies/MF_Default_Body.uexp" 829
"../../../Engine/Plugins/Interchange/Assets/Content/gltf/M_Default.uasset" 830
"../../../Engine/Plugins/Interchange/Assets/Content/gltf/M_Default.uexp" 831
"../../../Engine/Plugins/Interchange/Assets/Content/gltf/MaterialInstances/MI_Default_Blend.uasset" 832
"../../../Engine/Plugins/Interchange/Assets/Content/gltf/MaterialInstances/MI_Default_Blend.uexp" 833
"../../../Engine/Plugins/Interchange/Assets/Content/gltf/MaterialInstances/MI_Default_Blend_DS.uasset" 834
"../../../Engine/Plugins/Interchange/Assets/Content/gltf/MaterialInstances/MI_Default_Blend_DS.uexp" 835
"../../../Engine/Plugins/Interchange/Assets/Content/gltf/MaterialInstances/MI_Default_Mask.uasset" 836
"../../../Engine/Plugins/Interchange/Assets/Content/gltf/MaterialInstances/MI_Default_Mask.uexp" 837
"../../../Engine/Plugins/Interchange/Assets/Content/gltf/MaterialInstances/MI_Default_Mask_DS.uasset" 838
"../../../Engine/Plugins/Interchange/Assets/Content/gltf/MaterialInstances/MI_Default_Mask_DS.uexp" 839
"../../../Engine/Plugins/Interchange/Assets/Content/gltf/MaterialInstances/MI_Default_Opaque.uasset" 840
"../../../Engine/Plugins/Interchange/Assets/Content/gltf/MaterialInstances/MI_Default_Opaque.uexp" 841
"../../../Engine/Plugins/Interchange/Assets/Content/gltf/MaterialInstances/MI_Default_Opaque_DS.uasset" 842
"../../../Engine/Plugins/Interchange/Assets/Content/gltf/MaterialInstances/MI_Default_Opaque_DS.uexp" 843
"../../../Engine/Plugins/Interchange/Assets/Content/gltf/MaterialFunctions/MF_Sheen.uasset" 844
"../../../Engine/Plugins/Interchange/Assets/Content/gltf/MaterialFunctions/MF_Sheen.uexp" 845
"../../../Engine/Plugins/Interchange/Assets/Content/gltf/MaterialBodies/MF_Sheen_Body.uasset" 846
"../../../Engine/Plugins/Interchange/Assets/Content/gltf/MaterialBodies/MF_Sheen_Body.uexp" 847
"../../../Engine/Plugins/Interchange/Assets/Content/gltf/M_Sheen.uasset" 848
"../../../Engine/Plugins/Interchange/Assets/Content/gltf/M_Sheen.uexp" 849
"../../../Engine/Plugins/Interchange/Assets/Content/gltf/MaterialInstances/MI_Sheen_Blend.uasset" 850
"../../../Engine/Plugins/Interchange/Assets/Content/gltf/MaterialInstances/MI_Sheen_Blend.uexp" 851
"../../../Engine/Plugins/Interchange/Assets/Content/gltf/MaterialInstances/MI_Sheen_Blend_DS.uasset" 852
"../../../Engine/Plugins/Interchange/Assets/Content/gltf/MaterialInstances/MI_Sheen_Blend_DS.uexp" 853
"../../../Engine/Plugins/Interchange/Assets/Content/gltf/MaterialInstances/MI_Sheen_Mask.uasset" 854
"../../../Engine/Plugins/Interchange/Assets/Content/gltf/MaterialInstances/MI_Sheen_Mask.uexp" 855
"../../../Engine/Plugins/Interchange/Assets/Content/gltf/MaterialInstances/MI_Sheen_Mask_DS.uasset" 856
"../../../Engine/Plugins/Interchange/Assets/Content/gltf/MaterialInstances/MI_Sheen_Mask_DS.uexp" 857
"../../../Engine/Plugins/Interchange/Assets/Content/gltf/MaterialInstances/MI_Sheen_Opaque.uasset" 858
"../../../Engine/Plugins/Interchange/Assets/Content/gltf/MaterialInstances/MI_Sheen_Opaque.uexp" 859
"../../../Engine/Plugins/Interchange/Assets/Content/gltf/MaterialInstances/MI_Sheen_Opaque_DS.uasset" 860
"../../../Engine/Plugins/Interchange/Assets/Content/gltf/MaterialInstances/MI_Sheen_Opaque_DS.uexp" 861
"../../../Engine/Plugins/Interchange/Assets/Content/gltf/MaterialFunctions/MF_DiffuseSpecGloss.uasset" 862
"../../../Engine/Plugins/Interchange/Assets/Content/gltf/MaterialFunctions/MF_DiffuseSpecGloss.uexp" 863
"../../../Engine/Plugins/Interchange/Assets/Content/gltf/MaterialFunctions/MF_MaxComponentValue.uasset" 864
"../../../Engine/Plugins/Interchange/Assets/Content/gltf/MaterialFunctions/MF_MaxComponentValue.uexp" 865
"../../../Engine/Content/Functions/Engine_MaterialFunctions02/Math/AddComponents.uasset" 866
"../../../Engine/Content/Functions/Engine_MaterialFunctions02/Math/AddComponents.uexp" 867
"../../../Engine/Plugins/Interchange/Assets/Content/gltf/MaterialFunctions/MF_PerceivedBrightness.uasset" 868
"../../../Engine/Plugins/Interchange/Assets/Content/gltf/MaterialFunctions/MF_PerceivedBrightness.uexp" 869
"../../../Engine/Plugins/Interchange/Assets/Content/gltf/MaterialFunctions/MF_SpecGlossToMetalRoughness.uasset" 870
"../../../Engine/Plugins/Interchange/Assets/Content/gltf/MaterialFunctions/MF_SpecGlossToMetalRoughness.uexp" 871
"../../../Engine/Plugins/Interchange/Assets/Content/gltf/MaterialBodies/MF_SpecularGlossiness_Body.uasset" 872
"../../../Engine/Plugins/Interchange/Assets/Content/gltf/MaterialBodies/MF_SpecularGlossiness_Body.uexp" 873
"../../../Engine/Plugins/Interchange/Assets/Content/gltf/M_SpecularGlossiness.uasset" 874
"../../../Engine/Plugins/Interchange/Assets/Content/gltf/M_SpecularGlossiness.uexp" 875
"../../../Engine/Plugins/Interchange/Assets/Content/gltf/MaterialInstances/MI_SpecularGlossiness_Blend.uasset" 876
"../../../Engine/Plugins/Interchange/Assets/Content/gltf/MaterialInstances/MI_SpecularGlossiness_Blend.uexp" 877
"../../../Engine/Plugins/Interchange/Assets/Content/gltf/MaterialInstances/MI_SpecularGlossiness_Blend_DS.uasset" 878
"../../../Engine/Plugins/Interchange/Assets/Content/gltf/MaterialInstances/MI_SpecularGlossiness_Blend_DS.uexp" 879
"../../../Engine/Plugins/Interchange/Assets/Content/gltf/MaterialInstances/MI_SpecularGlossiness_Mask.uasset" 880
"../../../Engine/Plugins/Interchange/Assets/Content/gltf/MaterialInstances/MI_SpecularGlossiness_Mask.uexp" 881
"../../../Engine/Plugins/Interchange/Assets/Content/gltf/MaterialInstances/MI_SpecularGlossiness_Mask_DS.uasset" 882
"../../../Engine/Plugins/Interchange/Assets/Content/gltf/MaterialInstances/MI_SpecularGlossiness_Mask_DS.uexp" 883
"../../../Engine/Plugins/Interchange/Assets/Content/gltf/MaterialInstances/MI_SpecularGlossiness_Opaque.uasset" 884
"../../../Engine/Plugins/Interchange/Assets/Content/gltf/MaterialInstances/MI_SpecularGlossiness_Opaque.uexp" 885
"../../../Engine/Plugins/Interchange/Assets/Content/gltf/MaterialInstances/MI_SpecularGlossiness_Opaque_DS.uasset" 886
"../../../Engine/Plugins/Interchange/Assets/Content/gltf/MaterialInstances/MI_SpecularGlossiness_Opaque_DS.uexp" 887
"../../../Engine/Plugins/Interchange/Assets/Content/gltf/MaterialFunctions/MF_Fresnel_DS.uasset" 888
"../../../Engine/Plugins/Interchange/Assets/Content/gltf/MaterialFunctions/MF_Fresnel_DS.uexp" 889
"../../../Engine/Content/EngineMaterials/Good64x64TilingNoiseHighFreq.uasset" 890
"../../../Engine/Content/EngineMaterials/Good64x64TilingNoiseHighFreq.uexp" 891
"../../../Engine/Content/Functions/Engine_MaterialFunctions02/Texturing/ScreenAlignedPixelToPixelUVs.uasset" 892
"../../../Engine/Content/Functions/Engine_MaterialFunctions02/Texturing/ScreenAlignedPixelToPixelUVs.uexp" 893
"../../../Engine/Plugins/Interchange/Assets/Content/gltf/MaterialFunctions/MF_Temporal_Blur.uasset" 894
"../../../Engine/Plugins/Interchange/Assets/Content/gltf/MaterialFunctions/MF_Temporal_Blur.uexp" 895
"../../../Engine/Plugins/Interchange/Assets/Content/gltf/MaterialFunctions/MF_Transmission.uasset" 896
"../../../Engine/Plugins/Interchange/Assets/Content/gltf/MaterialFunctions/MF_Transmission.uexp" 897
"../../../Engine/Plugins/Interchange/Assets/Content/gltf/MaterialBodies/MF_Transmission_Body.uasset" 898
"../../../Engine/Plugins/Interchange/Assets/Content/gltf/MaterialBodies/MF_Transmission_Body.uexp" 899
"../../../Engine/Plugins/Interchange/Assets/Content/gltf/M_Transmission.uasset" 900
"../../../Engine/Plugins/Interchange/Assets/Content/gltf/M_Transmission.uexp" 901
"../../../Engine/Plugins/Interchange/Assets/Content/gltf/MaterialInstances/MI_Transmission.uasset" 902
"../../../Engine/Plugins/Interchange/Assets/Content/gltf/MaterialInstances/MI_Transmission.uexp" 903
"../../../Engine/Plugins/Interchange/Assets/Content/gltf/MaterialInstances/MI_Transmission_DS.uasset" 904
"../../../Engine/Plugins/Interchange/Assets/Content/gltf/MaterialInstances/MI_Transmission_DS.uexp" 905
"../../../Engine/Plugins/Interchange/Assets/Content/gltf/MaterialBodies/MF_Unlit_Body.uasset" 906
"../../../Engine/Plugins/Interchange/Assets/Content/gltf/MaterialBodies/MF_Unlit_Body.uexp" 907
"../../../Engine/Plugins/Interchange/Assets/Content/gltf/M_Unlit.uasset" 908
"../../../Engine/Plugins/Interchange/Assets/Content/gltf/M_Unlit.uexp" 909
"../../../Engine/Plugins/Interchange/Assets/Content/gltf/MaterialInstances/MI_Unlit_Blend.uasset" 910
"../../../Engine/Plugins/Interchange/Assets/Content/gltf/MaterialInstances/MI_Unlit_Blend.uexp" 911
"../../../Engine/Plugins/Interchange/Assets/Content/gltf/MaterialInstances/MI_Unlit_Blend_DS.uasset" 912
"../../../Engine/Plugins/Interchange/Assets/Content/gltf/MaterialInstances/MI_Unlit_Blend_DS.uexp" 913
"../../../Engine/Plugins/Interchange/Assets/Content/gltf/MaterialInstances/MI_Unlit_Mask.uasset" 914
"../../../Engine/Plugins/Interchange/Assets/Content/gltf/MaterialInstances/MI_Unlit_Mask.uexp" 915
"../../../Engine/Plugins/Interchange/Assets/Content/gltf/MaterialInstances/MI_Unlit_Mask_DS.uasset" 916
"../../../Engine/Plugins/Interchange/Assets/Content/gltf/MaterialInstances/MI_Unlit_Mask_DS.uexp" 917
"../../../Engine/Plugins/Interchange/Assets/Content/gltf/MaterialInstances/MI_Unlit_Opaque.uasset" 918
"../../../Engine/Plugins/Interchange/Assets/Content/gltf/MaterialInstances/MI_Unlit_Opaque.uexp" 919
"../../../Engine/Plugins/Interchange/Assets/Content/gltf/MaterialInstances/MI_Unlit_Opaque_DS.uasset" 920
"../../../Engine/Plugins/Interchange/Assets/Content/gltf/MaterialInstances/MI_Unlit_Opaque_DS.uexp" 921
"../../../Engine/Plugins/2D/Paper2D/Content/DefaultSpriteMaterial.uasset" 922
"../../../Engine/Plugins/2D/Paper2D/Content/DefaultSpriteMaterial.uexp" 923
"../../../Engine/Plugins/2D/Paper2D/Content/MaskedUnlitSpriteMaterial.uasset" 924
"../../../Engine/Plugins/2D/Paper2D/Content/MaskedUnlitSpriteMaterial.uexp" 925
"../../../Engine/Plugins/2D/Paper2D/Content/OpaqueUnlitSpriteMaterial.uasset" 926
"../../../Engine/Plugins/2D/Paper2D/Content/OpaqueUnlitSpriteMaterial.uexp" 927
"../../../Engine/Plugins/Animation/DeformerGraph/Content/DeformerFunctions/DG_Function_LinearBlendSkin_Morph_Cloth_PositionOnly.uasset" 928
"../../../Engine/Plugins/Animation/DeformerGraph/Content/DeformerFunctions/DG_Function_LinearBlendSkin_Morph_Cloth_PositionOnly.uexp" 929
"../../../Engine/Plugins/Animation/DeformerGraph/Content/DeformerFunctions/DG_Function_ComputeNormalsTangents.uasset" 930
"../../../Engine/Plugins/Animation/DeformerGraph/Content/DeformerFunctions/DG_Function_ComputeNormalsTangents.uexp" 931
"../../../Engine/Plugins/Animation/DeformerGraph/Content/Deformers/DG_LinearBlendSkin_Morph_Cloth_RecomputeNormals.uasset" 932
"../../../Engine/Plugins/Animation/DeformerGraph/Content/Deformers/DG_LinearBlendSkin_Morph_Cloth_RecomputeNormals.uexp" 933
"../../../Engine/Plugins/Animation/DeformerGraph/Content/DeformerFunctions/DG_Function_LinearBlendSkin_Morph_Cloth.uasset" 934
"../../../Engine/Plugins/Animation/DeformerGraph/Content/DeformerFunctions/DG_Function_LinearBlendSkin_Morph_Cloth.uexp" 935
"../../../Engine/Plugins/Animation/DeformerGraph/Content/Deformers/DG_LinearBlendSkin_Morph_Cloth.uasset" 936
"../../../Engine/Plugins/Animation/DeformerGraph/Content/Deformers/DG_LinearBlendSkin_Morph_Cloth.uexp" 937
"../../../Engine/Plugins/Interchange/Runtime/Content/Pipelines/DefaultSceneAssetsPipeline.uasset" 938
"../../../Engine/Plugins/Interchange/Runtime/Content/Pipelines/DefaultSceneAssetsPipeline.uexp" 939
"../../../Engine/Plugins/Interchange/Runtime/Content/Pipelines/DefaultGLTFSceneAssetsPipeline.uasset" 940
"../../../Engine/Plugins/Interchange/Runtime/Content/Pipelines/DefaultGLTFSceneAssetsPipeline.uexp" 941
"../../../Engine/Plugins/Interchange/Runtime/Content/Pipelines/DefaultGLTFAssetsPipeline.uasset" 942
"../../../Engine/Plugins/Interchange/Runtime/Content/Pipelines/DefaultGLTFAssetsPipeline.uexp" 943
"../../../Engine/Plugins/Interchange/Runtime/Content/Pipelines/DefaultAssetsPipeline.uasset" 944
"../../../Engine/Plugins/Interchange/Runtime/Content/Pipelines/DefaultAssetsPipeline.uexp" 945
"../../../Engine/Content/EngineResources/LandscapeVisibilityLayerInfo.uasset" 946
"../../../Engine/Content/EngineResources/LandscapeVisibilityLayerInfo.uexp" 947
"../../../Engine/Content/VREditor/TransformGizmo/UniformScaleHandle.ubulk" 948
"../../../Engine/Content/VREditor/TransformGizmo/UniformScaleHandle.uasset" 949
"../../../Engine/Content/VREditor/TransformGizmo/UniformScaleHandle.uexp" 950
"../../../Engine/Content/VREditor/TransformGizmo/TranslucentTransformGizmoMaterial_Inst.uasset" 951
"../../../Engine/Content/VREditor/TransformGizmo/TranslucentTransformGizmoMaterial_Inst.uexp" 952
"../../../Engine/Content/Functions/Engine_MaterialFunctions02/SplitComponents.uasset" 953
"../../../Engine/Content/Functions/Engine_MaterialFunctions02/SplitComponents.uexp" 954
"../../../Engine/Content/VREditor/SnapGrid/SnapGridMaterial.uasset" 955
"../../../Engine/Content/VREditor/SnapGrid/SnapGridMaterial.uexp" 956
"../../../Engine/Content/VREditor/SnapGrid/SnapGridPlaneMesh.ubulk" 957
"../../../Engine/Content/VREditor/SnapGrid/SnapGridPlaneMesh.uasset" 958
"../../../Engine/Content/VREditor/SnapGrid/SnapGridPlaneMesh.uexp" 959
"../../../Engine/Content/VREditor/Sounds/UI/Drop_Item_From_ContentBrowser.ubulk" 960
"../../../Engine/Content/VREditor/Sounds/UI/Drop_Item_From_ContentBrowser.uasset" 961
"../../../Engine/Content/VREditor/Sounds/UI/Drop_Item_From_ContentBrowser.uexp" 962
"../../../Engine/Content/VREditor/Sounds/UI/Gizmo_Handle_Clicked.ubulk" 963
"../../../Engine/Content/VREditor/Sounds/UI/Gizmo_Handle_Clicked.uasset" 964
"../../../Engine/Content/VREditor/Sounds/UI/Gizmo_Handle_Clicked.uexp" 965
"../../../Engine/Content/VREditor/Sounds/UI/Object_PickUp.ubulk" 966
"../../../Engine/Content/VREditor/Sounds/UI/Object_PickUp.uasset" 967
"../../../Engine/Content/VREditor/Sounds/UI/Object_PickUp.uexp" 968
"../../../Engine/Content/VREditor/Sounds/UI/Object_Snaps_To_Another_Actor.ubulk" 969
"../../../Engine/Content/VREditor/Sounds/UI/Object_Snaps_To_Another_Actor.uasset" 970
"../../../Engine/Content/VREditor/Sounds/UI/Object_Snaps_To_Another_Actor.uexp" 971
"../../../Engine/Content/VREditor/Sounds/UI/Object_Snaps_To_Grid.ubulk" 972
"../../../Engine/Content/VREditor/Sounds/UI/Object_Snaps_To_Grid.uasset" 973
"../../../Engine/Content/VREditor/Sounds/UI/Object_Snaps_To_Grid.uexp" 974
"../../../Engine/Content/VREditor/Sounds/UI/Scaling_Down.ubulk" 975
"../../../Engine/Content/VREditor/Sounds/UI/Scaling_Down.uasset" 976
"../../../Engine/Content/VREditor/Sounds/UI/Scaling_Down.uexp" 977
"../../../Engine/Content/VREditor/Sounds/UI/Scaling_Up.ubulk" 978
"../../../Engine/Content/VREditor/Sounds/UI/Scaling_Up.uasset" 979
"../../../Engine/Content/VREditor/Sounds/UI/Scaling_Up.uexp" 980
"../../../Engine/Content/VREditor/Sounds/UI/Selection_Changes.ubulk" 981
"../../../Engine/Content/VREditor/Sounds/UI/Selection_Changes.uasset" 982
"../../../Engine/Content/VREditor/Sounds/UI/Selection_Changes.uexp" 983
"../../../Engine/Content/VREditor/TransformGizmo/PlaneTranslationHandle.ubulk" 984
"../../../Engine/Content/VREditor/TransformGizmo/PlaneTranslationHandle.uasset" 985
"../../../Engine/Content/VREditor/TransformGizmo/PlaneTranslationHandle.uexp" 986
"../../../Engine/Content/VREditor/TransformGizmo/RotationHandleFull.ubulk" 987
"../../../Engine/Content/VREditor/TransformGizmo/RotationHandleFull.uasset" 988
"../../../Engine/Content/VREditor/TransformGizmo/RotationHandleFull.uexp" 989
"../../../Engine/Content/VREditor/TransformGizmo/RotationHandleIndicator.ubulk" 990
"../../../Engine/Content/VREditor/TransformGizmo/RotationHandleIndicator.uasset" 991
"../../../Engine/Content/VREditor/TransformGizmo/RotationHandleIndicator.uexp" 992
"../../../Engine/Content/VREditor/TransformGizmo/RotationHandleQuarter.ubulk" 993
"../../../Engine/Content/VREditor/TransformGizmo/RotationHandleQuarter.uasset" 994
"../../../Engine/Content/VREditor/TransformGizmo/RotationHandleQuarter.uexp" 995
"../../../Engine/Content/VREditor/TransformGizmo/StartRotationHandleIndicator.ubulk" 996
"../../../Engine/Content/VREditor/TransformGizmo/StartRotationHandleIndicator.uasset" 997
"../../../Engine/Content/VREditor/TransformGizmo/StartRotationHandleIndicator.uexp" 998
"../../../Engine/Content/VREditor/TransformGizmo/TransformGizmoFreeRotation.ubulk" 999
"../../../Engine/Content/VREditor/TransformGizmo/TransformGizmoFreeRotation.uasset" 1000
"../../../Engine/Content/VREditor/TransformGizmo/TransformGizmoFreeRotation.uexp" 1001
"../../../Engine/Content/VREditor/TransformGizmo/TransformGizmoMaterial_Inst.uasset" 1002
"../../../Engine/Content/VREditor/TransformGizmo/TransformGizmoMaterial_Inst.uexp" 1003
"../../../Engine/Content/VREditor/TransformGizmo/TranslateArrowHandle.ubulk" 1004
"../../../Engine/Content/VREditor/TransformGizmo/TranslateArrowHandle.uasset" 1005
"../../../Engine/Content/VREditor/TransformGizmo/TranslateArrowHandle.uexp" 1006
"../../../Engine/Plugins/NNE/NNEDenoiser/Content/NNEDT_Oidn2-3_Balanced.uasset" 1007
"../../../Engine/Plugins/NNE/NNEDenoiser/Content/NNEDT_Oidn2-3_Balanced.uexp" 1008
"../../../Engine/Plugins/NNE/NNEDenoiser/Content/NNEDT_Oidn2-3_Balanced_Alpha.uasset" 1009
"../../../Engine/Plugins/NNE/NNEDenoiser/Content/NNEDT_Oidn2-3_Balanced_Alpha.uexp" 1010
"../../../Engine/Plugins/NNE/NNEDenoiser/Content/NNED_Oidn2-3_Balanced.uasset" 1011
"../../../Engine/Plugins/NNE/NNEDenoiser/Content/NNED_Oidn2-3_Balanced.uexp" 1012
"../../../Engine/Plugins/NNE/NNEDenoiser/Content/NNED_Oidn2-3_Balanced_Alpha.uasset" 1013
"../../../Engine/Plugins/NNE/NNEDenoiser/Content/NNED_Oidn2-3_Balanced_Alpha.uexp" 1014
"../../../Engine/Plugins/NNE/NNEDenoiser/Content/NNED_Oidn2-3_Fast.uasset" 1015
"../../../Engine/Plugins/NNE/NNEDenoiser/Content/NNED_Oidn2-3_Fast.uexp" 1016
"../../../Engine/Plugins/NNE/NNEDenoiser/Content/NNED_Oidn2-3_Fast_Alpha.uasset" 1017
"../../../Engine/Plugins/NNE/NNEDenoiser/Content/NNED_Oidn2-3_Fast_Alpha.uexp" 1018
"../../../Engine/Plugins/NNE/NNEDenoiser/Content/NNED_Oidn2-3_HighQuality.uasset" 1019
"../../../Engine/Plugins/NNE/NNEDenoiser/Content/NNED_Oidn2-3_HighQuality.uexp" 1020
"../../../Engine/Plugins/NNE/NNEDenoiser/Content/NNED_Oidn2-3_HighQuality_Alpha.uasset" 1021
"../../../Engine/Plugins/NNE/NNEDenoiser/Content/NNED_Oidn2-3_HighQuality_Alpha.uexp" 1022
"../../../Engine/Plugins/NNE/NNEDenoiser/Content/NNE_oidn2-3-0_rt_hdr_alb_nrm_small__dyn__fp16_opset11_DenoiseAlpha.uasset" 1023
"../../../Engine/Plugins/NNE/NNEDenoiser/Content/NNE_oidn2-3-0_rt_hdr_alb_nrm_small__dyn__fp16_opset11_DenoiseAlpha.uexp" 1024
"../../../Engine/Plugins/NNE/NNEDenoiser/Content/NNE_oidn2-3-0_rt_hdr_alb_nrm_small__dyn__fp16_opset11_ForwardAlpha.uasset" 1025
"../../../Engine/Plugins/NNE/NNEDenoiser/Content/NNE_oidn2-3-0_rt_hdr_alb_nrm_small__dyn__fp16_opset11_ForwardAlpha.uexp" 1026
"../../../Engine/Plugins/NNE/NNEDenoiser/Content/NNE_oidn2-3-0_rt_hdr_alb_nrm__dyn__fp16_opset11_DenoiseAlpha.uasset" 1027
"../../../Engine/Plugins/NNE/NNEDenoiser/Content/NNE_oidn2-3-0_rt_hdr_alb_nrm__dyn__fp16_opset11_DenoiseAlpha.uexp" 1028
"../../../Engine/Plugins/NNE/NNEDenoiser/Content/NNE_oidn2-3-0_rt_hdr_alb_nrm__dyn__fp16_opset11_ForwardAlpha.uasset" 1029
"../../../Engine/Plugins/NNE/NNEDenoiser/Content/NNE_oidn2-3-0_rt_hdr_alb_nrm__dyn__fp16_opset11_ForwardAlpha.uexp" 1030
"../../../Engine/Plugins/NNE/NNEDenoiser/Content/NNE_oidn2-3-0_rt_hdr_calb_cnrm_large__dyn__fp16_opset11_DenoiseAlpha.uasset" 1031
"../../../Engine/Plugins/NNE/NNEDenoiser/Content/NNE_oidn2-3-0_rt_hdr_calb_cnrm_large__dyn__fp16_opset11_DenoiseAlpha.uexp" 1032
"../../../Engine/Plugins/NNE/NNEDenoiser/Content/NNE_oidn2-3-0_rt_hdr_calb_cnrm_large__dyn__fp16_opset11_ForwardAlpha.uasset" 1033
"../../../Engine/Plugins/NNE/NNEDenoiser/Content/NNE_oidn2-3-0_rt_hdr_calb_cnrm_large__dyn__fp16_opset11_ForwardAlpha.uexp" 1034
"C:/Users/haron/OneDrive/Documents/GitHub/COMP3752-1/Content/LevelPrototyping/Main_Menu/Menugamemode.uasset" 1035
"C:/Users/haron/OneDrive/Documents/GitHub/COMP3752-1/Content/LevelPrototyping/Main_Menu/Menugamemode.uexp" 1036
"C:/Users/haron/OneDrive/Documents/GitHub/COMP3752-1/Content/LevelPrototyping/Main_Menu/Mainmenubackground.uasset" 1037
"C:/Users/haron/OneDrive/Documents/GitHub/COMP3752-1/Content/LevelPrototyping/Main_Menu/Mainmenubackground.uexp" 1038
"C:/Users/haron/OneDrive/Documents/GitHub/COMP3752-1/Content/LevelPrototyping/Options_Menu/Optionsmenu.uasset" 1039
"C:/Users/haron/OneDrive/Documents/GitHub/COMP3752-1/Content/LevelPrototyping/Options_Menu/Optionsmenu.uexp" 1040
"C:/Users/haron/OneDrive/Documents/GitHub/COMP3752-1/Content/LevelPrototyping/Main_Menu/image12121.uasset" 1041
"C:/Users/haron/OneDrive/Documents/GitHub/COMP3752-1/Content/LevelPrototyping/Main_Menu/image12121.uexp" 1042
"C:/Users/haron/OneDrive/Documents/GitHub/COMP3752-1/Content/LevelPrototyping/Main_Menu/Mainmenu.uasset" 1043
"C:/Users/haron/OneDrive/Documents/GitHub/COMP3752-1/Content/LevelPrototyping/Main_Menu/Mainmenu.uexp" 1044
"C:/Users/haron/OneDrive/Documents/GitHub/COMP3752-1/Content/LevelPrototyping/Main_Menu/Mainmenumap.uexp" 1045
"C:/Users/haron/OneDrive/Documents/GitHub/COMP3752-1/Content/LevelPrototyping/Main_Menu/Mainmenumap.umap" 1046
"../../../Engine/Content/Maps/Entry_BuiltData.uasset" 1047
"../../../Engine/Content/Maps/Entry_BuiltData.uexp" 1048
"../../../Engine/Content/Maps/Entry.uexp" 1049
"../../../Engine/Content/Maps/Entry.umap" 1050
